2026-04-02 07:53:57 [INFO    ] finance_app.request_logger (request_logger.py:60): <- POST /api/auth/login | status=200 | user_id=anonymous | 265.30 ms
2026-04-02 07:53:57 [INFO    ] finance_app.request_logger (request_logger.py:60): <- GET /api/analytics/dashboard | status=200 | user_id=1 | 5.58 ms
2026-04-02 07:53:58 [INFO    ] finance_app.request_logger (request_logger.py:60): <- POST /api/auth/login | status=200 | user_id=anonymous | 264.30 ms
2026-04-02 07:53:58 [INFO    ] finance_app.request_logger (request_logger.py:60): <- GET /api/analytics/dashboard | status=200 | user_id=1 | 1.05 ms
2026-04-02 07:53:58 [INFO    ] finance_app.request_logger (request_logger.py:60): <- GET /api/analytics/dashboard | status=401 | user_id=anonymous | 0.19 ms
2026-04-02 07:53:59 [INFO    ] finance_app.request_logger (request_logger.py:60): <- POST /api/auth/login | status=200 | user_id=anonymous | 264.35 ms
2026-04-02 07:53:59 [INFO    ] finance_app.request_logger (request_logger.py:60): <- GET /api/analytics/categories | status=200 | user_id=1 | 2.29 ms
2026-04-02 07:53:59 [INFO    ] finance_app.request_logger (request_logger.py:60): <- POST /api/auth/login | status=200 | user_id=anonymous | 264.09 ms
2026-04-02 07:53:59 [INFO    ] finance_app.request_logger (request_logger.py:60): <- GET /api/analytics/categories | status=200 | user_id=1 | 0.86 ms
2026-04-02 07:54:00 [INFO    ] finance_app.request_logger (request_logger.py:60): <- POST /api/auth/login | status=200 | user_id=anonymous | 264.42 ms
2026-04-02 07:54:00 [INFO    ] finance_app.request_logger (request_logger.py:60): <- GET /api/analytics/monthly/2026/4 | status=200 | user_id=1 | 2.03 ms
2026-04-02 07:54:00 [INFO    ] finance_app.request_logger (request_logger.py:60): <- POST /api/auth/login | status=200 | user_id=anonymous | 264.28 ms
2026-04-02 07:54:00 [INFO    ] finance_app.request_logger (request_logger.py:60): <- GET /api/analytics/monthly/2024/13 | status=400 | user_id=1 | 0.78 ms
2026-04-02 07:54:01 [INFO    ] finance_app.request_logger (request_logger.py:60): <- POST /api/auth/login | status=200 | user_id=anonymous | 264.10 ms
2026-04-02 07:54:01 [INFO    ] finance_app.request_logger (request_logger.py:60): <- GET /api/analytics/trends | status=200 | user_id=1 | 2.71 ms
2026-04-02 07:54:02 [INFO    ] finance_app.request_logger (request_logger.py:60): <- POST /api/auth/login | status=200 | user_id=anonymous | 264.24 ms
2026-04-02 07:54:02 [WARNING ] finance_app.role_middleware (role_middleware.py:74): User user_id=1 role=viewer attempted access to 'trends' (requires one of: ('analyst', 'admin'))
2026-04-02 07:54:02 [INFO    ] finance_app.request_logger (request_logger.py:60): <- GET /api/analytics/trends | status=403 | user_id=1 | 0.75 ms
2026-04-02 07:54:02 [INFO    ] finance_app.request_logger (request_logger.py:60): <- POST /api/auth/login | status=200 | user_id=anonymous | 264.12 ms
2026-04-02 07:54:02 [INFO    ] finance_app.request_logger (request_logger.py:60): <- GET /api/analytics/dashboard | status=200 | user_id=1 | 0.93 ms
2026-04-02 07:54:02 [INFO    ] finance_app.request_logger (request_logger.py:60): <- GET /api/analytics/dashboard | status=200 | user_id=1 | 0.35 ms
2026-04-02 07:54:02 [INFO    ] finance_app.user_service (user_service.py:135): User created: id=1 username=newuser
2026-04-02 07:54:02 [INFO    ] finance_app.request_logger (request_logger.py:60): <- POST /api/auth/register | status=201 | user_id=anonymous | 268.21 ms
2026-04-02 07:54:03 [INFO    ] finance_app.request_logger (request_logger.py:60): <- POST /api/auth/register | status=409 | user_id=anonymous | 1.00 ms
2026-04-02 07:54:03 [INFO    ] finance_app.request_logger (request_logger.py:60): <- POST /api/auth/register | status=400 | user_id=anonymous | 0.34 ms
2026-04-02 07:54:03 [INFO    ] finance_app.request_logger (request_logger.py:60): <- POST /api/auth/register | status=400 | user_id=anonymous | 0.33 ms
2026-04-02 07:54:03 [INFO    ] finance_app.request_logger (request_logger.py:60): <- POST /api/auth/login | status=200 | user_id=anonymous | 264.34 ms
2026-04-02 07:54:04 [INFO    ] finance_app.request_logger (request_logger.py:60): <- POST /api/auth/login | status=403 | user_id=anonymous | 264.37 ms
2026-04-02 07:54:49 [INFO    ] finance_app.request_logger (request_logger.py:60): <- POST /api/auth/login | status=200 | user_id=anonymous | 265.44 ms
2026-04-02 07:54:49 [INFO    ] finance_app.request_logger (request_logger.py:60): <- GET /api/analytics/dashboard | status=200 | user_id=1 | 5.45 ms
2026-04-02 07:54:49 [INFO    ] finance_app.request_logger (request_logger.py:60): <- POST /api/auth/login | status=200 | user_id=anonymous | 264.25 ms
2026-04-02 07:54:49 [INFO    ] finance_app.request_logger (request_logger.py:60): <- GET /api/analytics/dashboard | status=200 | user_id=1 | 0.99 ms
2026-04-02 07:54:49 [INFO    ] finance_app.request_logger (request_logger.py:60): <- GET /api/analytics/dashboard | status=401 | user_id=anonymous | 0.19 ms
2026-04-02 07:54:50 [INFO    ] finance_app.request_logger (request_logger.py:60): <- POST /api/auth/login | status=200 | user_id=anonymous | 264.16 ms
2026-04-02 07:54:50 [INFO    ] finance_app.request_logger (request_logger.py:60): <- GET /api/analytics/categories | status=200 | user_id=1 | 2.48 ms
2026-04-02 07:54:50 [INFO    ] finance_app.request_logger (request_logger.py:60): <- POST /api/auth/login | status=200 | user_id=anonymous | 264.15 ms
2026-04-02 07:54:50 [INFO    ] finance_app.request_logger (request_logger.py:60): <- GET /api/analytics/categories | status=200 | user_id=1 | 0.88 ms
2026-04-02 07:54:51 [INFO    ] finance_app.request_logger (request_logger.py:60): <- POST /api/auth/login | status=200 | user_id=anonymous | 264.18 ms
2026-04-02 07:54:51 [INFO    ] finance_app.request_logger (request_logger.py:60): <- GET /api/analytics/monthly/2026/4 | status=200 | user_id=1 | 2.03 ms
2026-04-02 07:54:52 [INFO    ] finance_app.request_logger (request_logger.py:60): <- POST /api/auth/login | status=200 | user_id=anonymous | 264.26 ms
2026-04-02 07:54:52 [INFO    ] finance_app.request_logger (request_logger.py:60): <- GET /api/analytics/monthly/2024/13 | status=400 | user_id=1 | 0.78 ms
2026-04-02 07:54:52 [INFO    ] finance_app.request_logger (request_logger.py:60): <- POST /api/auth/login | status=200 | user_id=anonymous | 264.24 ms
2026-04-02 07:54:52 [INFO    ] finance_app.request_logger (request_logger.py:60): <- GET /api/analytics/trends | status=200 | user_id=1 | 2.69 ms
2026-04-02 07:54:53 [INFO    ] finance_app.request_logger (request_logger.py:60): <- POST /api/auth/login | status=200 | user_id=anonymous | 264.33 ms
2026-04-02 07:54:53 [WARNING ] finance_app.role_middleware (role_middleware.py:74): User user_id=1 role=viewer attempted access to 'trends' (requires one of: ('analyst', 'admin'))
2026-04-02 07:54:53 [INFO    ] finance_app.request_logger (request_logger.py:60): <- GET /api/analytics/trends | status=403 | user_id=1 | 0.91 ms
2026-04-02 07:54:53 [INFO    ] finance_app.request_logger (request_logger.py:60): <- POST /api/auth/login | status=200 | user_id=anonymous | 264.25 ms
2026-04-02 07:54:53 [INFO    ] finance_app.request_logger (request_logger.py:60): <- GET /api/analytics/dashboard | status=200 | user_id=1 | 0.96 ms
2026-04-02 07:54:53 [INFO    ] finance_app.request_logger (request_logger.py:60): <- GET /api/analytics/dashboard | status=200 | user_id=1 | 0.36 ms
2026-04-02 07:54:54 [INFO    ] finance_app.user_service (user_service.py:135): User created: id=1 username=newuser
2026-04-02 07:54:54 [INFO    ] finance_app.request_logger (request_logger.py:60): <- POST /api/auth/register | status=201 | user_id=anonymous | 297.01 ms
2026-04-02 07:54:54 [INFO    ] finance_app.request_logger (request_logger.py:60): <- POST /api/auth/register | status=409 | user_id=anonymous | 0.94 ms
2026-04-02 07:54:54 [INFO    ] finance_app.request_logger (request_logger.py:60): <- POST /api/auth/register | status=400 | user_id=anonymous | 0.32 ms
2026-04-02 07:54:54 [INFO    ] finance_app.request_logger (request_logger.py:60): <- POST /api/auth/register | status=400 | user_id=anonymous | 0.32 ms
2026-04-02 07:54:55 [INFO    ] finance_app.request_logger (request_logger.py:60): <- POST /api/auth/login | status=200 | user_id=anonymous | 264.23 ms
2026-04-02 07:54:55 [INFO    ] finance_app.request_logger (request_logger.py:60): <- POST /api/auth/login | status=401 | user_id=anonymous | 264.12 ms
2026-04-02 07:54:55 [INFO    ] finance_app.request_logger (request_logger.py:60): <- POST /api/auth/login | status=401 | user_id=anonymous | 0.86 ms
2026-04-02 07:54:55 [INFO    ] finance_app.request_logger (request_logger.py:60): <- POST /api/auth/login | status=401 | user_id=anonymous | 0.88 ms
2026-04-02 07:54:56 [INFO    ] finance_app.request_logger (request_logger.py:60): <- POST /api/auth/login | status=200 | user_id=anonymous | 264.08 ms
2026-04-02 07:54:56 [INFO    ] finance_app.request_logger (request_logger.py:60): <- POST /api/auth/logout | status=200 | user_id=anonymous | 0.12 ms
2026-04-02 07:54:56 [INFO    ] finance_app.request_logger (request_logger.py:60): <- POST /api/auth/login | status=200 | user_id=anonymous | 264.14 ms
2026-04-02 07:54:56 [INFO    ] finance_app.request_logger (request_logger.py:60): <- GET /api/auth/me | status=200 | user_id=1 | 1.05 ms
2026-04-02 07:54:56 [INFO    ] finance_app.request_logger (request_logger.py:60): <- GET /api/auth/me | status=401 | user_id=anonymous | 0.18 ms
2026-04-02 07:54:57 [INFO    ] finance_app.request_logger (request_logger.py:60): <- POST /api/auth/login | status=200 | user_id=anonymous | 264.36 ms
2026-04-02 07:54:57 [INFO    ] finance_app.user_service (user_service.py:243): User updated: id=1 by actor_id=1
2026-04-02 07:54:57 [INFO    ] finance_app.request_logger (request_logger.py:60): <- PUT /api/auth/me | status=200 | user_id=1 | 3.23 ms
2026-04-02 07:54:58 [INFO    ] finance_app.request_logger (request_logger.py:60): <- POST /api/auth/login | status=200 | user_id=anonymous | 264.24 ms
2026-04-02 07:54:58 [INFO    ] finance_app.transaction_service (transaction_service.py:120): Transaction created: id=1 user_id=1
2026-04-02 07:54:58 [INFO    ] finance_app.request_logger (request_logger.py:60): <- POST /api/transactions/ | status=201 | user_id=1 | 4.52 ms
2026-04-02 07:54:58 [INFO    ] finance_app.request_logger (request_logger.py:60): <- GET /api/transactions/1 | status=200 | user_id=1 | 1.14 ms
2026-04-02 07:54:58 [INFO    ] finance_app.transaction_service (transaction_service.py:207): Transaction updated: id=1 user_id=1
2026-04-02 07:54:58 [INFO    ] finance_app.request_logger (request_logger.py:60): <- PUT /api/transactions/1 | status=200 | user_id=1 | 2.41 ms
2026-04-02 07:54:58 [INFO    ] finance_app.transaction_service (transaction_service.py:245): Transaction deleted: id=1 user_id=1
2026-04-02 07:54:58 [INFO    ] finance_app.request_logger (request_logger.py:60): <- DELETE /api/transactions/1 | status=200 | user_id=1 | 1.87 ms
2026-04-02 07:54:58 [INFO    ] finance_app.request_logger (request_logger.py:60): <- GET /api/transactions/1 | status=404 | user_id=1 | 0.56 ms
2026-04-02 07:54:58 [INFO    ] finance_app.request_logger (request_logger.py:60): <- POST /api/auth/login | status=200 | user_id=anonymous | 264.25 ms
2026-04-02 07:54:58 [INFO    ] finance_app.request_logger (request_logger.py:60): <- GET /api/analytics/dashboard | status=200 | user_id=1 | 2.39 ms
2026-04-02 07:54:58 [INFO    ] finance_app.transaction_service (transaction_service.py:120): Transaction created: id=1 user_id=1
2026-04-02 07:54:58 [INFO    ] finance_app.request_logger (request_logger.py:60): <- POST /api/transactions/ | status=201 | user_id=1 | 2.15 ms
2026-04-02 07:54:58 [INFO    ] finance_app.request_logger (request_logger.py:60): <- GET /api/analytics/dashboard | status=200 | user_id=1 | 1.49 ms
2026-04-02 07:54:59 [INFO    ] finance_app.request_logger (request_logger.py:60): <- POST /api/auth/login | status=200 | user_id=anonymous | 264.37 ms
2026-04-02 07:54:59 [WARNING ] finance_app.role_middleware (role_middleware.py:74): User user_id=1 role=viewer attempted access to 'bulk_create' (requires one of: ('analyst', 'admin'))
2026-04-02 07:54:59 [INFO    ] finance_app.request_logger (request_logger.py:60): <- POST /api/transactions/bulk | status=403 | user_id=1 | 1.14 ms
2026-04-02 07:54:59 [INFO    ] finance_app.request_logger (request_logger.py:60): <- POST /api/auth/login | status=200 | user_id=anonymous | 264.07 ms
2026-04-02 07:54:59 [WARNING ] finance_app.role_middleware (role_middleware.py:74): User user_id=1 role=viewer attempted access to 'trends' (requires one of: ('analyst', 'admin'))
2026-04-02 07:54:59 [INFO    ] finance_app.request_logger (request_logger.py:60): <- GET /api/analytics/trends | status=403 | user_id=1 | 0.84 ms
2026-04-02 07:55:00 [INFO    ] finance_app.request_logger (request_logger.py:60): <- POST /api/auth/login | status=200 | user_id=anonymous | 264.95 ms
2026-04-02 07:55:00 [INFO    ] finance_app.request_logger (request_logger.py:60): <- GET /api/analytics/trends | status=200 | user_id=1 | 1.68 ms
2026-04-02 07:55:00 [INFO    ] finance_app.request_logger (request_logger.py:60): <- POST /api/auth/login | status=200 | user_id=anonymous | 264.24 ms
2026-04-02 07:55:00 [WARNING ] finance_app.role_middleware (role_middleware.py:74): User user_id=1 role=viewer attempted access to 'list_users' (requires one of: ('admin',))
2026-04-02 07:55:00 [INFO    ] finance_app.request_logger (request_logger.py:60): <- GET /api/users/ | status=403 | user_id=1 | 0.92 ms
2026-04-02 07:55:01 [INFO    ] finance_app.request_logger (request_logger.py:60): <- POST /api/auth/login | status=200 | user_id=anonymous | 264.85 ms
2026-04-02 07:55:01 [INFO    ] finance_app.request_logger (request_logger.py:60): <- GET /api/users/ | status=200 | user_id=1 | 4.59 ms
2026-04-02 07:55:01 [INFO    ] finance_app.request_logger (request_logger.py:60): <- POST /api/auth/login | status=200 | user_id=anonymous | 264.35 ms
2026-04-02 07:55:01 [INFO    ] finance_app.export_service (export_service.py:89): CSV export generated: user_id=1 rows=10
2026-04-02 07:55:01 [INFO    ] finance_app.request_logger (request_logger.py:60): <- GET /api/transactions/export/csv | status=200 | user_id=1 | 6.16 ms
2026-04-02 07:55:02 [INFO    ] finance_app.request_logger (request_logger.py:60): <- POST /api/auth/login | status=200 | user_id=anonymous | 264.11 ms
2026-04-02 07:55:02 [INFO    ] finance_app.request_logger (request_logger.py:60): <- GET /api/transactions/ | status=200 | user_id=1 | 1.83 ms
2026-04-02 07:55:03 [INFO    ] finance_app.request_logger (request_logger.py:60): <- POST /api/auth/login | status=200 | user_id=anonymous | 264.39 ms
2026-04-02 07:55:03 [INFO    ] finance_app.request_logger (request_logger.py:60): <- GET /api/transactions/ | status=200 | user_id=2 | 1.77 ms
2026-04-02 07:55:03 [INFO    ] finance_app.request_logger (request_logger.py:60): <- GET /api/transactions/1 | status=403 | user_id=2 | 0.61 ms
2026-04-02 07:55:03 [INFO    ] finance_app.request_logger (request_logger.py:60): <- POST /api/auth/login | status=200 | user_id=anonymous | 264.26 ms
2026-04-02 07:55:03 [INFO    ] finance_app.transaction_service (transaction_service.py:120): Transaction created: id=1 user_id=1
2026-04-02 07:55:03 [INFO    ] finance_app.request_logger (request_logger.py:60): <- POST /api/transactions/ | status=201 | user_id=1 | 3.00 ms
2026-04-02 07:55:04 [INFO    ] finance_app.request_logger (request_logger.py:60): <- POST /api/auth/login | status=200 | user_id=anonymous | 264.26 ms
2026-04-02 07:55:04 [INFO    ] finance_app.request_logger (request_logger.py:60): <- POST /api/transactions/ | status=400 | user_id=1 | 1.18 ms
2026-04-02 07:55:04 [INFO    ] finance_app.request_logger (request_logger.py:60): <- POST /api/auth/login | status=200 | user_id=anonymous | 264.12 ms
2026-04-02 07:55:04 [INFO    ] finance_app.request_logger (request_logger.py:60): <- POST /api/transactions/ | status=400 | user_id=1 | 1.05 ms
2026-04-02 07:55:04 [INFO    ] finance_app.request_logger (request_logger.py:60): <- POST /api/transactions/ | status=401 | user_id=anonymous | 0.18 ms
2026-04-02 07:55:05 [INFO    ] finance_app.request_logger (request_logger.py:60): <- POST /api/auth/login | status=200 | user_id=anonymous | 264.17 ms
2026-04-02 07:55:05 [INFO    ] finance_app.request_logger (request_logger.py:60): <- GET /api/transactions/ | status=200 | user_id=1 | 1.95 ms
2026-04-02 07:55:05 [INFO    ] finance_app.request_logger (request_logger.py:60): <- POST /api/auth/login | status=200 | user_id=anonymous | 264.06 ms
2026-04-02 07:55:05 [INFO    ] finance_app.request_logger (request_logger.py:60): <- GET /api/transactions/ | status=200 | user_id=1 | 5.15 ms
2026-04-02 07:55:06 [INFO    ] finance_app.request_logger (request_logger.py:60): <- POST /api/auth/login | status=200 | user_id=anonymous | 264.10 ms
2026-04-02 07:55:06 [INFO    ] finance_app.request_logger (request_logger.py:60): <- GET /api/transactions/ | status=200 | user_id=1 | 6.38 ms
2026-04-02 07:55:06 [INFO    ] finance_app.request_logger (request_logger.py:60): <- POST /api/auth/login | status=200 | user_id=anonymous | 264.13 ms
2026-04-02 07:55:06 [INFO    ] finance_app.request_logger (request_logger.py:60): <- GET /api/transactions/ | status=200 | user_id=1 | 5.22 ms
2026-04-02 07:55:07 [INFO    ] finance_app.request_logger (request_logger.py:60): <- POST /api/auth/login | status=200 | user_id=anonymous | 264.10 ms
2026-04-02 07:55:07 [INFO    ] finance_app.request_logger (request_logger.py:60): <- GET /api/transactions/1 | status=200 | user_id=1 | 1.18 ms
2026-04-02 07:55:08 [INFO    ] finance_app.request_logger (request_logger.py:60): <- POST /api/auth/login | status=200 | user_id=anonymous | 264.15 ms
2026-04-02 07:55:08 [INFO    ] finance_app.request_logger (request_logger.py:60): <- GET /api/transactions/99999 | status=404 | user_id=1 | 1.23 ms
2026-04-02 07:55:08 [INFO    ] finance_app.request_logger (request_logger.py:60): <- POST /api/auth/login | status=200 | user_id=anonymous | 264.16 ms
2026-04-02 07:55:08 [INFO    ] finance_app.request_logger (request_logger.py:60): <- GET /api/transactions/1 | status=403 | user_id=2 | 1.16 ms
2026-04-02 07:55:09 [INFO    ] finance_app.request_logger (request_logger.py:60): <- POST /api/auth/login | status=200 | user_id=anonymous | 264.05 ms
2026-04-02 07:55:09 [INFO    ] finance_app.transaction_service (transaction_service.py:207): Transaction updated: id=1 user_id=1
2026-04-02 07:55:09 [INFO    ] finance_app.request_logger (request_logger.py:60): <- PUT /api/transactions/1 | status=200 | user_id=1 | 3.19 ms
2026-04-02 07:55:09 [INFO    ] finance_app.request_logger (request_logger.py:60): <- POST /api/auth/login | status=200 | user_id=anonymous | 264.14 ms
2026-04-02 07:55:09 [INFO    ] finance_app.transaction_service (transaction_service.py:245): Transaction deleted: id=1 user_id=1
2026-04-02 07:55:09 [INFO    ] finance_app.request_logger (request_logger.py:60): <- DELETE /api/transactions/1 | status=200 | user_id=1 | 2.22 ms
2026-04-02 07:55:09 [INFO    ] finance_app.request_logger (request_logger.py:60): <- GET /api/transactions/1 | status=404 | user_id=1 | 0.55 ms
2026-04-02 07:55:10 [INFO    ] finance_app.request_logger (request_logger.py:60): <- POST /api/auth/login | status=200 | user_id=anonymous | 264.19 ms
2026-04-02 07:55:10 [INFO    ] finance_app.request_logger (request_logger.py:60): <- DELETE /api/transactions/1 | status=403 | user_id=2 | 1.15 ms
2026-04-02 07:58:24 [INFO    ] finance_app.request_logger (request_logger.py:60): <- POST /api/auth/login | status=200 | user_id=anonymous | 265.17 ms
2026-04-02 07:58:24 [INFO    ] finance_app.request_logger (request_logger.py:60): <- GET /api/analytics/dashboard | status=200 | user_id=1 | 5.53 ms
2026-04-02 07:58:24 [INFO    ] finance_app.request_logger (request_logger.py:60): <- POST /api/auth/login | status=200 | user_id=anonymous | 264.86 ms
2026-04-02 07:58:24 [INFO    ] finance_app.request_logger (request_logger.py:60): <- GET /api/analytics/dashboard | status=200 | user_id=1 | 1.05 ms
2026-04-02 07:58:24 [INFO    ] finance_app.request_logger (request_logger.py:60): <- GET /api/analytics/dashboard | status=401 | user_id=anonymous | 0.19 ms
2026-04-02 07:58:25 [INFO    ] finance_app.request_logger (request_logger.py:60): <- POST /api/auth/login | status=200 | user_id=anonymous | 264.21 ms
2026-04-02 07:58:25 [INFO    ] finance_app.request_logger (request_logger.py:60): <- GET /api/analytics/categories | status=200 | user_id=1 | 2.54 ms
2026-04-02 07:58:25 [INFO    ] finance_app.request_logger (request_logger.py:60): <- POST /api/auth/login | status=200 | user_id=anonymous | 264.19 ms
2026-04-02 07:58:25 [INFO    ] finance_app.request_logger (request_logger.py:60): <- GET /api/analytics/categories | status=200 | user_id=1 | 0.86 ms
2026-04-02 07:58:26 [INFO    ] finance_app.request_logger (request_logger.py:60): <- POST /api/auth/login | status=200 | user_id=anonymous | 264.10 ms
2026-04-02 07:58:26 [INFO    ] finance_app.request_logger (request_logger.py:60): <- GET /api/analytics/monthly/2026/4 | status=200 | user_id=1 | 2.02 ms
2026-04-02 07:58:26 [INFO    ] finance_app.request_logger (request_logger.py:60): <- POST /api/auth/login | status=200 | user_id=anonymous | 264.25 ms
2026-04-02 07:58:26 [INFO    ] finance_app.request_logger (request_logger.py:60): <- GET /api/analytics/monthly/2024/13 | status=400 | user_id=1 | 0.75 ms
2026-04-02 07:58:27 [INFO    ] finance_app.request_logger (request_logger.py:60): <- POST /api/auth/login | status=200 | user_id=anonymous | 264.17 ms
2026-04-02 07:58:27 [INFO    ] finance_app.request_logger (request_logger.py:60): <- GET /api/analytics/trends | status=200 | user_id=1 | 2.42 ms
2026-04-02 07:58:28 [INFO    ] finance_app.request_logger (request_logger.py:60): <- POST /api/auth/login | status=200 | user_id=anonymous | 264.18 ms
2026-04-02 07:58:28 [WARNING ] finance_app.role_middleware (role_middleware.py:74): User user_id=1 role=viewer attempted access to 'trends' (requires one of: ('analyst', 'admin'))
2026-04-02 07:58:28 [INFO    ] finance_app.request_logger (request_logger.py:60): <- GET /api/analytics/trends | status=403 | user_id=1 | 0.93 ms
2026-04-02 07:58:28 [INFO    ] finance_app.request_logger (request_logger.py:60): <- POST /api/auth/login | status=200 | user_id=anonymous | 264.26 ms
2026-04-02 07:58:28 [INFO    ] finance_app.request_logger (request_logger.py:60): <- GET /api/analytics/dashboard | status=200 | user_id=1 | 1.00 ms
2026-04-02 07:58:28 [INFO    ] finance_app.request_logger (request_logger.py:60): <- GET /api/analytics/dashboard | status=200 | user_id=1 | 0.42 ms
2026-04-02 07:58:28 [INFO    ] finance_app.user_service (user_service.py:135): User created: id=1 username=newuser
2026-04-02 07:58:28 [INFO    ] finance_app.request_logger (request_logger.py:60): <- POST /api/auth/register | status=201 | user_id=anonymous | 295.15 ms
2026-04-02 07:58:29 [INFO    ] finance_app.request_logger (request_logger.py:60): <- POST /api/auth/register | status=409 | user_id=anonymous | 0.96 ms
2026-04-02 07:58:29 [INFO    ] finance_app.request_logger (request_logger.py:60): <- POST /api/auth/register | status=400 | user_id=anonymous | 0.34 ms
2026-04-02 07:58:29 [INFO    ] finance_app.request_logger (request_logger.py:60): <- POST /api/auth/register | status=400 | user_id=anonymous | 0.30 ms
2026-04-02 07:58:29 [INFO    ] finance_app.request_logger (request_logger.py:60): <- POST /api/auth/login | status=200 | user_id=anonymous | 264.22 ms
2026-04-02 07:58:30 [INFO    ] finance_app.request_logger (request_logger.py:60): <- POST /api/auth/login | status=401 | user_id=anonymous | 264.14 ms
2026-04-02 07:58:30 [INFO    ] finance_app.request_logger (request_logger.py:60): <- POST /api/auth/login | status=401 | user_id=anonymous | 0.87 ms
2026-04-02 07:58:30 [INFO    ] finance_app.request_logger (request_logger.py:60): <- POST /api/auth/login | status=401 | user_id=anonymous | 0.86 ms
2026-04-02 07:58:31 [INFO    ] finance_app.request_logger (request_logger.py:60): <- POST /api/auth/login | status=200 | user_id=anonymous | 264.59 ms
2026-04-02 07:58:31 [INFO    ] finance_app.request_logger (request_logger.py:60): <- POST /api/auth/logout | status=200 | user_id=anonymous | 0.13 ms
2026-04-02 07:58:31 [INFO    ] finance_app.request_logger (request_logger.py:60): <- POST /api/auth/login | status=200 | user_id=anonymous | 264.20 ms
2026-04-02 07:58:31 [INFO    ] finance_app.request_logger (request_logger.py:60): <- GET /api/auth/me | status=200 | user_id=1 | 1.03 ms
2026-04-02 07:58:31 [INFO    ] finance_app.request_logger (request_logger.py:60): <- GET /api/auth/me | status=401 | user_id=anonymous | 0.18 ms
2026-04-02 07:58:32 [INFO    ] finance_app.request_logger (request_logger.py:60): <- POST /api/auth/login | status=200 | user_id=anonymous | 264.44 ms
2026-04-02 07:58:32 [INFO    ] finance_app.user_service (user_service.py:243): User updated: id=1 by actor_id=1
2026-04-02 07:58:32 [INFO    ] finance_app.request_logger (request_logger.py:60): <- PUT /api/auth/me | status=200 | user_id=1 | 3.29 ms
2026-04-02 07:58:32 [INFO    ] finance_app.request_logger (request_logger.py:60): <- POST /api/auth/login | status=200 | user_id=anonymous | 264.17 ms
2026-04-02 07:58:32 [INFO    ] finance_app.transaction_service (transaction_service.py:120): Transaction created: id=1 user_id=1
2026-04-02 07:58:32 [INFO    ] finance_app.request_logger (request_logger.py:60): <- POST /api/transactions/ | status=201 | user_id=1 | 4.56 ms
2026-04-02 07:58:32 [INFO    ] finance_app.request_logger (request_logger.py:60): <- GET /api/transactions/1 | status=200 | user_id=1 | 1.13 ms
2026-04-02 07:58:32 [INFO    ] finance_app.transaction_service (transaction_service.py:207): Transaction updated: id=1 user_id=1
2026-04-02 07:58:32 [INFO    ] finance_app.request_logger (request_logger.py:60): <- PUT /api/transactions/1 | status=200 | user_id=1 | 2.41 ms
2026-04-02 07:58:32 [INFO    ] finance_app.transaction_service (transaction_service.py:245): Transaction deleted: id=1 user_id=1
2026-04-02 07:58:32 [INFO    ] finance_app.request_logger (request_logger.py:60): <- DELETE /api/transactions/1 | status=200 | user_id=1 | 1.85 ms
2026-04-02 07:58:32 [INFO    ] finance_app.request_logger (request_logger.py:60): <- GET /api/transactions/1 | status=404 | user_id=1 | 0.54 ms
2026-04-02 07:58:33 [INFO    ] finance_app.request_logger (request_logger.py:60): <- POST /api/auth/login | status=200 | user_id=anonymous | 264.15 ms
2026-04-02 07:58:33 [INFO    ] finance_app.request_logger (request_logger.py:60): <- GET /api/analytics/dashboard | status=200 | user_id=1 | 2.30 ms
2026-04-02 07:58:33 [INFO    ] finance_app.transaction_service (transaction_service.py:120): Transaction created: id=1 user_id=1
2026-04-02 07:58:33 [INFO    ] finance_app.request_logger (request_logger.py:60): <- POST /api/transactions/ | status=201 | user_id=1 | 2.14 ms
2026-04-02 07:58:33 [INFO    ] finance_app.request_logger (request_logger.py:60): <- GET /api/analytics/dashboard | status=200 | user_id=1 | 1.46 ms
2026-04-02 07:58:33 [INFO    ] finance_app.request_logger (request_logger.py:60): <- POST /api/auth/login | status=200 | user_id=anonymous | 264.09 ms
2026-04-02 07:58:33 [WARNING ] finance_app.role_middleware (role_middleware.py:74): User user_id=1 role=viewer attempted access to 'bulk_create' (requires one of: ('analyst', 'admin'))
2026-04-02 07:58:33 [INFO    ] finance_app.request_logger (request_logger.py:60): <- POST /api/transactions/bulk | status=403 | user_id=1 | 1.07 ms
2026-04-02 07:58:34 [INFO    ] finance_app.request_logger (request_logger.py:60): <- POST /api/auth/login | status=200 | user_id=anonymous | 264.05 ms
2026-04-02 07:58:34 [WARNING ] finance_app.role_middleware (role_middleware.py:74): User user_id=1 role=viewer attempted access to 'trends' (requires one of: ('analyst', 'admin'))
2026-04-02 07:58:34 [INFO    ] finance_app.request_logger (request_logger.py:60): <- GET /api/analytics/trends | status=403 | user_id=1 | 0.80 ms
2026-04-02 07:58:34 [INFO    ] finance_app.request_logger (request_logger.py:60): <- POST /api/auth/login | status=200 | user_id=anonymous | 264.02 ms
2026-04-02 07:58:34 [INFO    ] finance_app.request_logger (request_logger.py:60): <- GET /api/analytics/trends | status=200 | user_id=1 | 1.45 ms
2026-04-02 07:58:35 [INFO    ] finance_app.request_logger (request_logger.py:60): <- POST /api/auth/login | status=200 | user_id=anonymous | 264.08 ms
2026-04-02 07:58:35 [WARNING ] finance_app.role_middleware (role_middleware.py:74): User user_id=1 role=viewer attempted access to 'list_users' (requires one of: ('admin',))
2026-04-02 07:58:35 [INFO    ] finance_app.request_logger (request_logger.py:60): <- GET /api/users/ | status=403 | user_id=1 | 0.89 ms
2026-04-02 07:58:35 [INFO    ] finance_app.request_logger (request_logger.py:60): <- POST /api/auth/login | status=200 | user_id=anonymous | 264.03 ms
2026-04-02 07:58:35 [INFO    ] finance_app.request_logger (request_logger.py:60): <- GET /api/users/ | status=200 | user_id=1 | 4.63 ms
2026-04-02 07:58:36 [INFO    ] finance_app.request_logger (request_logger.py:60): <- POST /api/auth/login | status=200 | user_id=anonymous | 264.69 ms
2026-04-02 07:58:36 [INFO    ] finance_app.export_service (export_service.py:89): CSV export generated: user_id=1 rows=10
2026-04-02 07:58:36 [INFO    ] finance_app.request_logger (request_logger.py:60): <- GET /api/transactions/export/csv | status=200 | user_id=1 | 5.98 ms
2026-04-02 07:58:37 [INFO    ] finance_app.request_logger (request_logger.py:60): <- POST /api/auth/login | status=200 | user_id=anonymous | 264.14 ms
2026-04-02 07:58:37 [INFO    ] finance_app.request_logger (request_logger.py:60): <- GET /api/transactions/ | status=200 | user_id=1 | 1.85 ms
2026-04-02 07:58:37 [INFO    ] finance_app.request_logger (request_logger.py:60): <- POST /api/auth/login | status=200 | user_id=anonymous | 264.07 ms
2026-04-02 07:58:37 [INFO    ] finance_app.request_logger (request_logger.py:60): <- GET /api/transactions/ | status=200 | user_id=2 | 1.65 ms
2026-04-02 07:58:37 [INFO    ] finance_app.request_logger (request_logger.py:60): <- GET /api/transactions/1 | status=403 | user_id=2 | 0.60 ms
2026-04-02 07:58:38 [INFO    ] finance_app.request_logger (request_logger.py:60): <- POST /api/auth/login | status=200 | user_id=anonymous | 264.12 ms
2026-04-02 07:58:38 [INFO    ] finance_app.transaction_service (transaction_service.py:120): Transaction created: id=1 user_id=1
2026-04-02 07:58:38 [INFO    ] finance_app.request_logger (request_logger.py:60): <- POST /api/transactions/ | status=201 | user_id=1 | 2.97 ms
2026-04-02 07:58:38 [INFO    ] finance_app.request_logger (request_logger.py:60): <- POST /api/auth/login | status=200 | user_id=anonymous | 264.07 ms
2026-04-02 07:58:38 [INFO    ] finance_app.request_logger (request_logger.py:60): <- POST /api/transactions/ | status=400 | user_id=1 | 1.07 ms
2026-04-02 07:58:39 [INFO    ] finance_app.request_logger (request_logger.py:60): <- POST /api/auth/login | status=200 | user_id=anonymous | 264.10 ms
2026-04-02 07:58:39 [INFO    ] finance_app.request_logger (request_logger.py:60): <- POST /api/transactions/ | status=400 | user_id=1 | 1.14 ms
2026-04-02 07:58:39 [INFO    ] finance_app.request_logger (request_logger.py:60): <- POST /api/transactions/ | status=401 | user_id=anonymous | 0.18 ms
2026-04-02 07:58:40 [INFO    ] finance_app.request_logger (request_logger.py:60): <- POST /api/auth/login | status=200 | user_id=anonymous | 264.00 ms
2026-04-02 07:58:40 [INFO    ] finance_app.request_logger (request_logger.py:60): <- GET /api/transactions/ | status=200 | user_id=1 | 2.00 ms
2026-04-02 07:58:40 [INFO    ] finance_app.request_logger (request_logger.py:60): <- POST /api/auth/login | status=200 | user_id=anonymous | 264.18 ms
2026-04-02 07:58:40 [INFO    ] finance_app.request_logger (request_logger.py:60): <- GET /api/transactions/ | status=200 | user_id=1 | 5.16 ms
2026-04-02 07:58:41 [INFO    ] finance_app.request_logger (request_logger.py:60): <- POST /api/auth/login | status=200 | user_id=anonymous | 264.10 ms
2026-04-02 07:58:41 [INFO    ] finance_app.request_logger (request_logger.py:60): <- GET /api/transactions/ | status=200 | user_id=1 | 6.30 ms
2026-04-02 07:58:41 [INFO    ] finance_app.request_logger (request_logger.py:60): <- POST /api/auth/login | status=200 | user_id=anonymous | 264.26 ms
2026-04-02 07:58:41 [INFO    ] finance_app.request_logger (request_logger.py:60): <- GET /api/transactions/ | status=200 | user_id=1 | 5.20 ms
2026-04-02 07:58:42 [INFO    ] finance_app.request_logger (request_logger.py:60): <- POST /api/auth/login | status=200 | user_id=anonymous | 264.05 ms
2026-04-02 07:58:42 [INFO    ] finance_app.request_logger (request_logger.py:60): <- GET /api/transactions/1 | status=200 | user_id=1 | 1.13 ms
2026-04-02 07:58:42 [INFO    ] finance_app.request_logger (request_logger.py:60): <- POST /api/auth/login | status=200 | user_id=anonymous | 264.20 ms
2026-04-02 07:58:42 [INFO    ] finance_app.request_logger (request_logger.py:60): <- GET /api/transactions/99999 | status=404 | user_id=1 | 1.18 ms
2026-04-02 07:58:43 [INFO    ] finance_app.request_logger (request_logger.py:60): <- POST /api/auth/login | status=200 | user_id=anonymous | 264.26 ms
2026-04-02 07:58:43 [INFO    ] finance_app.request_logger (request_logger.py:60): <- GET /api/transactions/1 | status=403 | user_id=2 | 1.14 ms
2026-04-02 07:58:44 [INFO    ] finance_app.request_logger (request_logger.py:60): <- POST /api/auth/login | status=200 | user_id=anonymous | 264.03 ms
2026-04-02 07:58:44 [INFO    ] finance_app.transaction_service (transaction_service.py:207): Transaction updated: id=1 user_id=1
2026-04-02 07:58:44 [INFO    ] finance_app.request_logger (request_logger.py:60): <- PUT /api/transactions/1 | status=200 | user_id=1 | 3.06 ms
2026-04-02 07:58:44 [INFO    ] finance_app.request_logger (request_logger.py:60): <- POST /api/auth/login | status=200 | user_id=anonymous | 264.85 ms
2026-04-02 07:58:44 [INFO    ] finance_app.transaction_service (transaction_service.py:245): Transaction deleted: id=1 user_id=1
2026-04-02 07:58:44 [INFO    ] finance_app.request_logger (request_logger.py:60): <- DELETE /api/transactions/1 | status=200 | user_id=1 | 2.15 ms
2026-04-02 07:58:44 [INFO    ] finance_app.request_logger (request_logger.py:60): <- GET /api/transactions/1 | status=404 | user_id=1 | 0.56 ms
2026-04-02 07:58:45 [INFO    ] finance_app.request_logger (request_logger.py:60): <- POST /api/auth/login | status=200 | user_id=anonymous | 264.25 ms
2026-04-02 07:58:45 [INFO    ] finance_app.request_logger (request_logger.py:60): <- DELETE /api/transactions/1 | status=403 | user_id=2 | 1.12 ms
2026-04-02 08:00:07 [INFO    ] finance_app.request_logger (request_logger.py:60): <- POST /api/auth/login | status=200 | user_id=anonymous | 265.19 ms
2026-04-02 08:00:07 [INFO    ] finance_app.request_logger (request_logger.py:60): <- GET /api/analytics/dashboard | status=200 | user_id=1 | 5.43 ms
2026-04-02 08:00:08 [INFO    ] finance_app.request_logger (request_logger.py:60): <- POST /api/auth/login | status=200 | user_id=anonymous | 264.17 ms
2026-04-02 08:00:08 [INFO    ] finance_app.request_logger (request_logger.py:60): <- GET /api/analytics/dashboard | status=200 | user_id=1 | 1.07 ms
2026-04-02 08:00:08 [INFO    ] finance_app.request_logger (request_logger.py:60): <- GET /api/analytics/dashboard | status=401 | user_id=anonymous | 0.18 ms
2026-04-02 08:00:08 [INFO    ] finance_app.request_logger (request_logger.py:60): <- POST /api/auth/login | status=200 | user_id=anonymous | 264.14 ms
2026-04-02 08:00:08 [INFO    ] finance_app.request_logger (request_logger.py:60): <- GET /api/analytics/categories | status=200 | user_id=1 | 2.44 ms
2026-04-02 08:00:09 [INFO    ] finance_app.request_logger (request_logger.py:60): <- POST /api/auth/login | status=200 | user_id=anonymous | 264.16 ms
2026-04-02 08:00:09 [INFO    ] finance_app.request_logger (request_logger.py:60): <- GET /api/analytics/categories | status=200 | user_id=1 | 0.87 ms
2026-04-02 08:00:09 [INFO    ] finance_app.request_logger (request_logger.py:60): <- POST /api/auth/login | status=200 | user_id=anonymous | 264.23 ms
2026-04-02 08:00:09 [INFO    ] finance_app.request_logger (request_logger.py:60): <- GET /api/analytics/monthly/2026/4 | status=200 | user_id=1 | 2.07 ms
2026-04-02 08:00:10 [INFO    ] finance_app.request_logger (request_logger.py:60): <- POST /api/auth/login | status=200 | user_id=anonymous | 264.27 ms
2026-04-02 08:00:10 [INFO    ] finance_app.request_logger (request_logger.py:60): <- GET /api/analytics/monthly/2024/13 | status=400 | user_id=1 | 0.77 ms
2026-04-02 08:00:10 [INFO    ] finance_app.request_logger (request_logger.py:60): <- POST /api/auth/login | status=200 | user_id=anonymous | 264.10 ms
2026-04-02 08:00:10 [INFO    ] finance_app.request_logger (request_logger.py:60): <- GET /api/analytics/trends | status=200 | user_id=1 | 2.43 ms
2026-04-02 08:00:11 [INFO    ] finance_app.request_logger (request_logger.py:60): <- POST /api/auth/login | status=200 | user_id=anonymous | 264.77 ms
2026-04-02 08:00:11 [WARNING ] finance_app.role_middleware (role_middleware.py:74): User user_id=1 role=viewer attempted access to 'trends' (requires one of: ('analyst', 'admin'))
2026-04-02 08:00:11 [INFO    ] finance_app.request_logger (request_logger.py:60): <- GET /api/analytics/trends | status=403 | user_id=1 | 0.91 ms
2026-04-02 08:00:12 [INFO    ] finance_app.request_logger (request_logger.py:60): <- POST /api/auth/login | status=200 | user_id=anonymous | 264.09 ms
2026-04-02 08:00:12 [INFO    ] finance_app.request_logger (request_logger.py:60): <- GET /api/analytics/dashboard | status=200 | user_id=1 | 0.95 ms
2026-04-02 08:00:12 [INFO    ] finance_app.request_logger (request_logger.py:60): <- GET /api/analytics/dashboard | status=200 | user_id=1 | 0.38 ms
2026-04-02 08:00:12 [INFO    ] finance_app.user_service (user_service.py:135): User created: id=1 username=newuser
2026-04-02 08:00:12 [INFO    ] finance_app.request_logger (request_logger.py:60): <- POST /api/auth/register | status=201 | user_id=anonymous | 295.26 ms
2026-04-02 08:00:12 [INFO    ] finance_app.request_logger (request_logger.py:60): <- POST /api/auth/register | status=409 | user_id=anonymous | 1.16 ms
2026-04-02 08:00:12 [INFO    ] finance_app.request_logger (request_logger.py:60): <- POST /api/auth/register | status=400 | user_id=anonymous | 0.37 ms
2026-04-02 08:00:12 [INFO    ] finance_app.request_logger (request_logger.py:60): <- POST /api/auth/register | status=400 | user_id=anonymous | 0.30 ms
2026-04-02 08:00:13 [INFO    ] finance_app.request_logger (request_logger.py:60): <- POST /api/auth/login | status=200 | user_id=anonymous | 264.19 ms
2026-04-02 08:00:13 [INFO    ] finance_app.request_logger (request_logger.py:60): <- POST /api/auth/login | status=401 | user_id=anonymous | 264.16 ms
2026-04-02 08:00:14 [INFO    ] finance_app.request_logger (request_logger.py:60): <- POST /api/auth/login | status=401 | user_id=anonymous | 0.85 ms
2026-04-02 08:00:14 [INFO    ] finance_app.request_logger (request_logger.py:60): <- POST /api/auth/login | status=401 | user_id=anonymous | 0.93 ms
2026-04-02 08:00:14 [INFO    ] finance_app.request_logger (request_logger.py:60): <- POST /api/auth/login | status=200 | user_id=anonymous | 264.10 ms
2026-04-02 08:00:14 [INFO    ] finance_app.request_logger (request_logger.py:60): <- POST /api/auth/logout | status=200 | user_id=anonymous | 0.17 ms
2026-04-02 08:00:15 [INFO    ] finance_app.request_logger (request_logger.py:60): <- POST /api/auth/login | status=200 | user_id=anonymous | 264.19 ms
2026-04-02 08:00:15 [INFO    ] finance_app.request_logger (request_logger.py:60): <- GET /api/auth/me | status=200 | user_id=1 | 1.08 ms
2026-04-02 08:00:15 [INFO    ] finance_app.request_logger (request_logger.py:60): <- GET /api/auth/me | status=401 | user_id=anonymous | 0.18 ms
2026-04-02 08:00:15 [INFO    ] finance_app.request_logger (request_logger.py:60): <- POST /api/auth/login | status=200 | user_id=anonymous | 264.39 ms
2026-04-02 08:00:15 [INFO    ] finance_app.user_service (user_service.py:243): User updated: id=1 by actor_id=1
2026-04-02 08:00:15 [INFO    ] finance_app.request_logger (request_logger.py:60): <- PUT /api/auth/me | status=200 | user_id=1 | 3.33 ms
2026-04-02 08:00:16 [INFO    ] finance_app.request_logger (request_logger.py:60): <- POST /api/auth/login | status=200 | user_id=anonymous | 264.15 ms
2026-04-02 08:00:16 [INFO    ] finance_app.transaction_service (transaction_service.py:120): Transaction created: id=1 user_id=1
2026-04-02 08:00:16 [INFO    ] finance_app.request_logger (request_logger.py:60): <- POST /api/transactions/ | status=201 | user_id=1 | 4.54 ms
2026-04-02 08:00:16 [INFO    ] finance_app.request_logger (request_logger.py:60): <- GET /api/transactions/1 | status=200 | user_id=1 | 1.13 ms
2026-04-02 08:00:16 [INFO    ] finance_app.transaction_service (transaction_service.py:207): Transaction updated: id=1 user_id=1
2026-04-02 08:00:16 [INFO    ] finance_app.request_logger (request_logger.py:60): <- PUT /api/transactions/1 | status=200 | user_id=1 | 2.46 ms
2026-04-02 08:00:16 [INFO    ] finance_app.transaction_service (transaction_service.py:245): Transaction deleted: id=1 user_id=1
2026-04-02 08:00:16 [INFO    ] finance_app.request_logger (request_logger.py:60): <- DELETE /api/transactions/1 | status=200 | user_id=1 | 1.86 ms
2026-04-02 08:00:16 [INFO    ] finance_app.request_logger (request_logger.py:60): <- GET /api/transactions/1 | status=404 | user_id=1 | 0.57 ms
2026-04-02 08:00:16 [INFO    ] finance_app.request_logger (request_logger.py:60): <- POST /api/auth/login | status=200 | user_id=anonymous | 264.29 ms
2026-04-02 08:00:16 [INFO    ] finance_app.request_logger (request_logger.py:60): <- GET /api/analytics/dashboard | status=200 | user_id=1 | 2.36 ms
2026-04-02 08:00:16 [INFO    ] finance_app.transaction_service (transaction_service.py:120): Transaction created: id=1 user_id=1
2026-04-02 08:00:16 [INFO    ] finance_app.request_logger (request_logger.py:60): <- POST /api/transactions/ | status=201 | user_id=1 | 2.18 ms
2026-04-02 08:00:16 [INFO    ] finance_app.request_logger (request_logger.py:60): <- GET /api/analytics/dashboard | status=200 | user_id=1 | 1.52 ms
2026-04-02 08:00:17 [INFO    ] finance_app.request_logger (request_logger.py:60): <- POST /api/auth/login | status=200 | user_id=anonymous | 264.16 ms
2026-04-02 08:00:17 [WARNING ] finance_app.role_middleware (role_middleware.py:74): User user_id=1 role=viewer attempted access to 'bulk_create' (requires one of: ('analyst', 'admin'))
2026-04-02 08:00:17 [INFO    ] finance_app.request_logger (request_logger.py:60): <- POST /api/transactions/bulk | status=403 | user_id=1 | 1.08 ms
2026-04-02 08:00:17 [INFO    ] finance_app.request_logger (request_logger.py:60): <- POST /api/auth/login | status=200 | user_id=anonymous | 264.09 ms
2026-04-02 08:00:17 [WARNING ] finance_app.role_middleware (role_middleware.py:74): User user_id=1 role=viewer attempted access to 'trends' (requires one of: ('analyst', 'admin'))
2026-04-02 08:00:17 [INFO    ] finance_app.request_logger (request_logger.py:60): <- GET /api/analytics/trends | status=403 | user_id=1 | 0.88 ms
2026-04-02 08:00:18 [INFO    ] finance_app.request_logger (request_logger.py:60): <- POST /api/auth/login | status=200 | user_id=anonymous | 264.06 ms
2026-04-02 08:00:18 [INFO    ] finance_app.request_logger (request_logger.py:60): <- GET /api/analytics/trends | status=200 | user_id=1 | 1.56 ms
2026-04-02 08:00:18 [INFO    ] finance_app.request_logger (request_logger.py:60): <- POST /api/auth/login | status=200 | user_id=anonymous | 264.61 ms
2026-04-02 08:00:18 [WARNING ] finance_app.role_middleware (role_middleware.py:74): User user_id=1 role=viewer attempted access to 'list_users' (requires one of: ('admin',))
2026-04-02 08:00:18 [INFO    ] finance_app.request_logger (request_logger.py:60): <- GET /api/users/ | status=403 | user_id=1 | 0.90 ms
2026-04-02 08:00:19 [INFO    ] finance_app.request_logger (request_logger.py:60): <- POST /api/auth/login | status=200 | user_id=anonymous | 264.08 ms
2026-04-02 08:00:19 [INFO    ] finance_app.request_logger (request_logger.py:60): <- GET /api/users/ | status=200 | user_id=1 | 4.59 ms
2026-04-02 08:00:19 [INFO    ] finance_app.request_logger (request_logger.py:60): <- POST /api/auth/login | status=200 | user_id=anonymous | 264.14 ms
2026-04-02 08:00:19 [INFO    ] finance_app.export_service (export_service.py:89): CSV export generated: user_id=1 rows=10
2026-04-02 08:00:19 [INFO    ] finance_app.request_logger (request_logger.py:60): <- GET /api/transactions/export/csv | status=200 | user_id=1 | 6.12 ms
2026-04-02 08:00:20 [INFO    ] finance_app.request_logger (request_logger.py:60): <- POST /api/auth/login | status=200 | user_id=anonymous | 264.16 ms
2026-04-02 08:00:20 [INFO    ] finance_app.request_logger (request_logger.py:60): <- GET /api/transactions/ | status=200 | user_id=1 | 2.07 ms
2026-04-02 08:00:21 [INFO    ] finance_app.request_logger (request_logger.py:60): <- POST /api/auth/login | status=200 | user_id=anonymous | 264.32 ms
2026-04-02 08:00:21 [INFO    ] finance_app.request_logger (request_logger.py:60): <- GET /api/transactions/ | status=200 | user_id=2 | 1.75 ms
2026-04-02 08:00:21 [INFO    ] finance_app.request_logger (request_logger.py:60): <- GET /api/transactions/1 | status=403 | user_id=2 | 0.65 ms
2026-04-02 08:00:21 [INFO    ] finance_app.request_logger (request_logger.py:60): <- POST /api/auth/login | status=200 | user_id=anonymous | 264.19 ms
2026-04-02 08:00:21 [INFO    ] finance_app.transaction_service (transaction_service.py:120): Transaction created: id=1 user_id=1
2026-04-02 08:00:21 [INFO    ] finance_app.request_logger (request_logger.py:60): <- POST /api/transactions/ | status=201 | user_id=1 | 2.93 ms
2026-04-02 08:00:22 [INFO    ] finance_app.request_logger (request_logger.py:60): <- POST /api/auth/login | status=200 | user_id=anonymous | 264.07 ms
2026-04-02 08:00:22 [INFO    ] finance_app.request_logger (request_logger.py:60): <- POST /api/transactions/ | status=400 | user_id=1 | 1.13 ms
2026-04-02 08:00:22 [INFO    ] finance_app.request_logger (request_logger.py:60): <- POST /api/auth/login | status=200 | user_id=anonymous | 264.10 ms
2026-04-02 08:00:22 [INFO    ] finance_app.request_logger (request_logger.py:60): <- POST /api/transactions/ | status=400 | user_id=1 | 1.18 ms
2026-04-02 08:00:22 [INFO    ] finance_app.request_logger (request_logger.py:60): <- POST /api/transactions/ | status=401 | user_id=anonymous | 0.18 ms
2026-04-02 08:00:23 [INFO    ] finance_app.request_logger (request_logger.py:60): <- POST /api/auth/login | status=200 | user_id=anonymous | 264.07 ms
2026-04-02 08:00:23 [INFO    ] finance_app.request_logger (request_logger.py:60): <- GET /api/transactions/ | status=200 | user_id=1 | 1.82 ms
2026-04-02 08:00:24 [INFO    ] finance_app.request_logger (request_logger.py:60): <- POST /api/auth/login | status=200 | user_id=anonymous | 264.06 ms
2026-04-02 08:00:24 [INFO    ] finance_app.request_logger (request_logger.py:60): <- GET /api/transactions/ | status=200 | user_id=1 | 5.13 ms
2026-04-02 08:00:24 [INFO    ] finance_app.request_logger (request_logger.py:60): <- POST /api/auth/login | status=200 | user_id=anonymous | 264.15 ms
2026-04-02 08:00:24 [INFO    ] finance_app.request_logger (request_logger.py:60): <- GET /api/transactions/ | status=200 | user_id=1 | 6.44 ms
2026-04-02 08:00:25 [INFO    ] finance_app.request_logger (request_logger.py:60): <- POST /api/auth/login | status=200 | user_id=anonymous | 264.21 ms
2026-04-02 08:00:25 [INFO    ] finance_app.request_logger (request_logger.py:60): <- GET /api/transactions/ | status=200 | user_id=1 | 5.28 ms
2026-04-02 08:00:25 [INFO    ] finance_app.request_logger (request_logger.py:60): <- POST /api/auth/login | status=200 | user_id=anonymous | 264.27 ms
2026-04-02 08:00:25 [INFO    ] finance_app.request_logger (request_logger.py:60): <- GET /api/transactions/1 | status=200 | user_id=1 | 1.18 ms
2026-04-02 08:00:26 [INFO    ] finance_app.request_logger (request_logger.py:60): <- POST /api/auth/login | status=200 | user_id=anonymous | 264.10 ms
2026-04-02 08:00:26 [INFO    ] finance_app.request_logger (request_logger.py:60): <- GET /api/transactions/99999 | status=404 | user_id=1 | 1.24 ms
2026-04-02 08:00:27 [INFO    ] finance_app.request_logger (request_logger.py:60): <- POST /api/auth/login | status=200 | user_id=anonymous | 264.26 ms
2026-04-02 08:00:27 [INFO    ] finance_app.request_logger (request_logger.py:60): <- GET /api/transactions/1 | status=403 | user_id=2 | 1.17 ms
2026-04-02 08:00:27 [INFO    ] finance_app.request_logger (request_logger.py:60): <- POST /api/auth/login | status=200 | user_id=anonymous | 264.18 ms
2026-04-02 08:00:27 [INFO    ] finance_app.transaction_service (transaction_service.py:207): Transaction updated: id=1 user_id=1
2026-04-02 08:00:27 [INFO    ] finance_app.request_logger (request_logger.py:60): <- PUT /api/transactions/1 | status=200 | user_id=1 | 3.17 ms
2026-04-02 08:00:28 [INFO    ] finance_app.request_logger (request_logger.py:60): <- POST /api/auth/login | status=200 | user_id=anonymous | 264.13 ms
2026-04-02 08:00:28 [INFO    ] finance_app.transaction_service (transaction_service.py:245): Transaction deleted: id=1 user_id=1
2026-04-02 08:00:28 [INFO    ] finance_app.request_logger (request_logger.py:60): <- DELETE /api/transactions/1 | status=200 | user_id=1 | 2.14 ms
2026-04-02 08:00:28 [INFO    ] finance_app.request_logger (request_logger.py:60): <- GET /api/transactions/1 | status=404 | user_id=1 | 0.56 ms
2026-04-02 08:00:28 [INFO    ] finance_app.request_logger (request_logger.py:60): <- POST /api/auth/login | status=200 | user_id=anonymous | 264.10 ms
2026-04-02 08:00:28 [INFO    ] finance_app.request_logger (request_logger.py:60): <- DELETE /api/transactions/1 | status=403 | user_id=2 | 1.20 ms
2026-04-02 08:01:05 [INFO    ] finance_app.request_logger (request_logger.py:60): <- POST /api/auth/login | status=200 | user_id=anonymous | 265.37 ms
2026-04-02 08:01:05 [INFO    ] finance_app.request_logger (request_logger.py:60): <- GET /api/analytics/dashboard | status=200 | user_id=1 | 5.55 ms
2026-04-02 08:01:05 [INFO    ] finance_app.request_logger (request_logger.py:60): <- POST /api/auth/login | status=200 | user_id=anonymous | 264.45 ms
2026-04-02 08:01:05 [INFO    ] finance_app.request_logger (request_logger.py:60): <- GET /api/analytics/dashboard | status=200 | user_id=1 | 1.05 ms
2026-04-02 08:01:05 [INFO    ] finance_app.request_logger (request_logger.py:60): <- GET /api/analytics/dashboard | status=401 | user_id=anonymous | 0.18 ms
2026-04-02 08:01:06 [INFO    ] finance_app.request_logger (request_logger.py:60): <- POST /api/auth/login | status=200 | user_id=anonymous | 264.28 ms
2026-04-02 08:01:06 [INFO    ] finance_app.request_logger (request_logger.py:60): <- GET /api/analytics/categories | status=200 | user_id=1 | 2.52 ms
2026-04-02 08:01:06 [INFO    ] finance_app.request_logger (request_logger.py:60): <- POST /api/auth/login | status=200 | user_id=anonymous | 265.03 ms
2026-04-02 08:01:06 [INFO    ] finance_app.request_logger (request_logger.py:60): <- GET /api/analytics/categories | status=200 | user_id=1 | 0.82 ms
2026-04-02 08:01:07 [INFO    ] finance_app.request_logger (request_logger.py:60): <- POST /api/auth/login | status=200 | user_id=anonymous | 264.11 ms
2026-04-02 08:01:07 [INFO    ] finance_app.request_logger (request_logger.py:60): <- GET /api/analytics/monthly/2026/4 | status=200 | user_id=1 | 1.96 ms
2026-04-02 08:01:07 [INFO    ] finance_app.request_logger (request_logger.py:60): <- POST /api/auth/login | status=200 | user_id=anonymous | 264.20 ms
2026-04-02 08:01:07 [INFO    ] finance_app.request_logger (request_logger.py:60): <- GET /api/analytics/monthly/2024/13 | status=400 | user_id=1 | 0.82 ms
2026-04-02 08:01:08 [INFO    ] finance_app.request_logger (request_logger.py:60): <- POST /api/auth/login | status=200 | user_id=anonymous | 264.35 ms
2026-04-02 08:01:08 [INFO    ] finance_app.request_logger (request_logger.py:60): <- GET /api/analytics/trends | status=200 | user_id=1 | 2.42 ms
2026-04-02 08:01:09 [INFO    ] finance_app.request_logger (request_logger.py:60): <- POST /api/auth/login | status=200 | user_id=anonymous | 264.12 ms
2026-04-02 08:01:09 [WARNING ] finance_app.role_middleware (role_middleware.py:74): User user_id=1 role=viewer attempted access to 'trends' (requires one of: ('analyst', 'admin'))
2026-04-02 08:01:09 [INFO    ] finance_app.request_logger (request_logger.py:60): <- GET /api/analytics/trends | status=403 | user_id=1 | 0.88 ms
2026-04-02 08:01:09 [INFO    ] finance_app.request_logger (request_logger.py:60): <- POST /api/auth/login | status=200 | user_id=anonymous | 264.26 ms
2026-04-02 08:01:09 [INFO    ] finance_app.request_logger (request_logger.py:60): <- GET /api/analytics/dashboard | status=200 | user_id=1 | 0.98 ms
2026-04-02 08:01:09 [INFO    ] finance_app.request_logger (request_logger.py:60): <- GET /api/analytics/dashboard | status=200 | user_id=1 | 0.36 ms
2026-04-02 08:01:10 [INFO    ] finance_app.user_service (user_service.py:135): User created: id=1 username=newuser
2026-04-02 08:01:10 [INFO    ] finance_app.request_logger (request_logger.py:60): <- POST /api/auth/register | status=201 | user_id=anonymous | 295.43 ms
2026-04-02 08:01:10 [INFO    ] finance_app.request_logger (request_logger.py:60): <- POST /api/auth/register | status=409 | user_id=anonymous | 0.96 ms
2026-04-02 08:01:10 [INFO    ] finance_app.request_logger (request_logger.py:60): <- POST /api/auth/register | status=400 | user_id=anonymous | 0.34 ms
2026-04-02 08:01:10 [INFO    ] finance_app.request_logger (request_logger.py:60): <- POST /api/auth/register | status=400 | user_id=anonymous | 0.35 ms
2026-04-02 08:01:10 [INFO    ] finance_app.request_logger (request_logger.py:60): <- POST /api/auth/login | status=200 | user_id=anonymous | 264.10 ms
2026-04-02 08:01:11 [INFO    ] finance_app.request_logger (request_logger.py:60): <- POST /api/auth/login | status=401 | user_id=anonymous | 264.06 ms
2026-04-02 08:01:11 [INFO    ] finance_app.request_logger (request_logger.py:60): <- POST /api/auth/login | status=401 | user_id=anonymous | 0.85 ms
2026-04-02 08:01:11 [INFO    ] finance_app.request_logger (request_logger.py:60): <- POST /api/auth/login | status=401 | user_id=anonymous | 0.86 ms
2026-04-02 08:01:12 [INFO    ] finance_app.request_logger (request_logger.py:60): <- POST /api/auth/login | status=200 | user_id=anonymous | 264.08 ms
2026-04-02 08:01:12 [INFO    ] finance_app.request_logger (request_logger.py:60): <- POST /api/auth/logout | status=200 | user_id=anonymous | 0.13 ms
2026-04-02 08:01:12 [INFO    ] finance_app.request_logger (request_logger.py:60): <- POST /api/auth/login | status=200 | user_id=anonymous | 264.42 ms
2026-04-02 08:01:12 [INFO    ] finance_app.request_logger (request_logger.py:60): <- GET /api/auth/me | status=200 | user_id=1 | 1.08 ms
2026-04-02 08:01:12 [INFO    ] finance_app.request_logger (request_logger.py:60): <- GET /api/auth/me | status=401 | user_id=anonymous | 0.23 ms
2026-04-02 08:01:13 [INFO    ] finance_app.request_logger (request_logger.py:60): <- POST /api/auth/login | status=200 | user_id=anonymous | 264.30 ms
2026-04-02 08:01:13 [INFO    ] finance_app.user_service (user_service.py:243): User updated: id=1 by actor_id=1
2026-04-02 08:01:13 [INFO    ] finance_app.request_logger (request_logger.py:60): <- PUT /api/auth/me | status=200 | user_id=1 | 3.27 ms
2026-04-02 08:01:13 [INFO    ] finance_app.request_logger (request_logger.py:60): <- POST /api/auth/login | status=200 | user_id=anonymous | 264.22 ms
2026-04-02 08:01:13 [INFO    ] finance_app.transaction_service (transaction_service.py:120): Transaction created: id=1 user_id=1
2026-04-02 08:01:13 [INFO    ] finance_app.request_logger (request_logger.py:60): <- POST /api/transactions/ | status=201 | user_id=1 | 4.50 ms
2026-04-02 08:01:13 [INFO    ] finance_app.request_logger (request_logger.py:60): <- GET /api/transactions/1 | status=200 | user_id=1 | 1.14 ms
2026-04-02 08:01:13 [INFO    ] finance_app.transaction_service (transaction_service.py:207): Transaction updated: id=1 user_id=1
2026-04-02 08:01:13 [INFO    ] finance_app.request_logger (request_logger.py:60): <- PUT /api/transactions/1 | status=200 | user_id=1 | 2.42 ms
2026-04-02 08:01:13 [INFO    ] finance_app.transaction_service (transaction_service.py:245): Transaction deleted: id=1 user_id=1
2026-04-02 08:01:13 [INFO    ] finance_app.request_logger (request_logger.py:60): <- DELETE /api/transactions/1 | status=200 | user_id=1 | 1.86 ms
2026-04-02 08:01:13 [INFO    ] finance_app.request_logger (request_logger.py:60): <- GET /api/transactions/1 | status=404 | user_id=1 | 0.55 ms
2026-04-02 08:01:14 [INFO    ] finance_app.request_logger (request_logger.py:60): <- POST /api/auth/login | status=200 | user_id=anonymous | 264.09 ms
2026-04-02 08:01:14 [INFO    ] finance_app.request_logger (request_logger.py:60): <- GET /api/analytics/dashboard | status=200 | user_id=1 | 2.33 ms
2026-04-02 08:01:14 [INFO    ] finance_app.transaction_service (transaction_service.py:120): Transaction created: id=1 user_id=1
2026-04-02 08:01:14 [INFO    ] finance_app.request_logger (request_logger.py:60): <- POST /api/transactions/ | status=201 | user_id=1 | 2.16 ms
2026-04-02 08:01:14 [INFO    ] finance_app.request_logger (request_logger.py:60): <- GET /api/analytics/dashboard | status=200 | user_id=1 | 1.44 ms
2026-04-02 08:01:14 [INFO    ] finance_app.request_logger (request_logger.py:60): <- POST /api/auth/login | status=200 | user_id=anonymous | 264.12 ms
2026-04-02 08:01:14 [WARNING ] finance_app.role_middleware (role_middleware.py:74): User user_id=1 role=viewer attempted access to 'bulk_create' (requires one of: ('analyst', 'admin'))
2026-04-02 08:01:14 [INFO    ] finance_app.request_logger (request_logger.py:60): <- POST /api/transactions/bulk | status=403 | user_id=1 | 1.11 ms
2026-04-02 08:01:15 [INFO    ] finance_app.request_logger (request_logger.py:60): <- POST /api/auth/login | status=200 | user_id=anonymous | 264.13 ms
2026-04-02 08:01:15 [WARNING ] finance_app.role_middleware (role_middleware.py:74): User user_id=1 role=viewer attempted access to 'trends' (requires one of: ('analyst', 'admin'))
2026-04-02 08:01:15 [INFO    ] finance_app.request_logger (request_logger.py:60): <- GET /api/analytics/trends | status=403 | user_id=1 | 0.90 ms
2026-04-02 08:01:16 [INFO    ] finance_app.request_logger (request_logger.py:60): <- POST /api/auth/login | status=200 | user_id=anonymous | 264.05 ms
2026-04-02 08:01:16 [INFO    ] finance_app.request_logger (request_logger.py:60): <- GET /api/analytics/trends | status=200 | user_id=1 | 1.58 ms
2026-04-02 08:01:16 [INFO    ] finance_app.request_logger (request_logger.py:60): <- POST /api/auth/login | status=200 | user_id=anonymous | 264.14 ms
2026-04-02 08:01:16 [WARNING ] finance_app.role_middleware (role_middleware.py:74): User user_id=1 role=viewer attempted access to 'list_users' (requires one of: ('admin',))
2026-04-02 08:01:16 [INFO    ] finance_app.request_logger (request_logger.py:60): <- GET /api/users/ | status=403 | user_id=1 | 0.85 ms
2026-04-02 08:01:17 [INFO    ] finance_app.request_logger (request_logger.py:60): <- POST /api/auth/login | status=200 | user_id=anonymous | 264.18 ms
2026-04-02 08:01:17 [INFO    ] finance_app.request_logger (request_logger.py:60): <- GET /api/users/ | status=200 | user_id=1 | 4.66 ms
2026-04-02 08:01:17 [INFO    ] finance_app.request_logger (request_logger.py:60): <- POST /api/auth/login | status=200 | user_id=anonymous | 264.32 ms
2026-04-02 08:01:17 [INFO    ] finance_app.export_service (export_service.py:89): CSV export generated: user_id=1 rows=10
2026-04-02 08:01:17 [INFO    ] finance_app.request_logger (request_logger.py:60): <- GET /api/transactions/export/csv | status=200 | user_id=1 | 6.04 ms
2026-04-02 08:01:18 [INFO    ] finance_app.request_logger (request_logger.py:60): <- POST /api/auth/login | status=200 | user_id=anonymous | 264.11 ms
2026-04-02 08:01:18 [INFO    ] finance_app.request_logger (request_logger.py:60): <- GET /api/transactions/ | status=200 | user_id=1 | 1.93 ms
2026-04-02 08:01:19 [INFO    ] finance_app.request_logger (request_logger.py:60): <- POST /api/auth/login | status=200 | user_id=anonymous | 264.67 ms
2026-04-02 08:01:19 [INFO    ] finance_app.request_logger (request_logger.py:60): <- GET /api/transactions/ | status=200 | user_id=2 | 1.75 ms
2026-04-02 08:01:19 [INFO    ] finance_app.request_logger (request_logger.py:60): <- GET /api/transactions/1 | status=403 | user_id=2 | 0.60 ms
2026-04-02 08:01:19 [INFO    ] finance_app.request_logger (request_logger.py:60): <- POST /api/auth/login | status=200 | user_id=anonymous | 264.04 ms
2026-04-02 08:01:19 [INFO    ] finance_app.transaction_service (transaction_service.py:120): Transaction created: id=1 user_id=1
2026-04-02 08:01:19 [INFO    ] finance_app.request_logger (request_logger.py:60): <- POST /api/transactions/ | status=201 | user_id=1 | 3.20 ms
2026-04-02 08:01:20 [INFO    ] finance_app.request_logger (request_logger.py:60): <- POST /api/auth/login | status=200 | user_id=anonymous | 264.08 ms
2026-04-02 08:01:20 [INFO    ] finance_app.request_logger (request_logger.py:60): <- POST /api/transactions/ | status=400 | user_id=1 | 1.07 ms
2026-04-02 08:01:20 [INFO    ] finance_app.request_logger (request_logger.py:60): <- POST /api/auth/login | status=200 | user_id=anonymous | 264.30 ms
2026-04-02 08:01:20 [INFO    ] finance_app.request_logger (request_logger.py:60): <- POST /api/transactions/ | status=400 | user_id=1 | 1.11 ms
2026-04-02 08:01:20 [INFO    ] finance_app.request_logger (request_logger.py:60): <- POST /api/transactions/ | status=401 | user_id=anonymous | 0.18 ms
2026-04-02 08:01:21 [INFO    ] finance_app.request_logger (request_logger.py:60): <- POST /api/auth/login | status=200 | user_id=anonymous | 264.20 ms
2026-04-02 08:01:21 [INFO    ] finance_app.request_logger (request_logger.py:60): <- GET /api/transactions/ | status=200 | user_id=1 | 1.98 ms
2026-04-02 08:01:21 [INFO    ] finance_app.request_logger (request_logger.py:60): <- POST /api/auth/login | status=200 | user_id=anonymous | 264.34 ms
2026-04-02 08:01:21 [INFO    ] finance_app.request_logger (request_logger.py:60): <- GET /api/transactions/ | status=200 | user_id=1 | 5.15 ms
2026-04-02 08:01:22 [INFO    ] finance_app.request_logger (request_logger.py:60): <- POST /api/auth/login | status=200 | user_id=anonymous | 264.09 ms
2026-04-02 08:01:22 [INFO    ] finance_app.request_logger (request_logger.py:60): <- GET /api/transactions/ | status=200 | user_id=1 | 6.46 ms
2026-04-02 08:01:22 [INFO    ] finance_app.request_logger (request_logger.py:60): <- POST /api/auth/login | status=200 | user_id=anonymous | 264.45 ms
2026-04-02 08:01:22 [INFO    ] finance_app.request_logger (request_logger.py:60): <- GET /api/transactions/ | status=200 | user_id=1 | 5.25 ms
2026-04-02 08:01:23 [INFO    ] finance_app.request_logger (request_logger.py:60): <- POST /api/auth/login | status=200 | user_id=anonymous | 264.08 ms
2026-04-02 08:01:23 [INFO    ] finance_app.request_logger (request_logger.py:60): <- GET /api/transactions/1 | status=200 | user_id=1 | 1.14 ms
2026-04-02 08:01:23 [INFO    ] finance_app.request_logger (request_logger.py:60): <- POST /api/auth/login | status=200 | user_id=anonymous | 264.16 ms
2026-04-02 08:01:23 [INFO    ] finance_app.request_logger (request_logger.py:60): <- GET /api/transactions/99999 | status=404 | user_id=1 | 1.18 ms
2026-04-02 08:01:24 [INFO    ] finance_app.request_logger (request_logger.py:60): <- POST /api/auth/login | status=200 | user_id=anonymous | 264.35 ms
2026-04-02 08:01:24 [INFO    ] finance_app.request_logger (request_logger.py:60): <- GET /api/transactions/1 | status=403 | user_id=2 | 1.13 ms
2026-04-02 08:01:25 [INFO    ] finance_app.request_logger (request_logger.py:60): <- POST /api/auth/login | status=200 | user_id=anonymous | 264.08 ms
2026-04-02 08:01:25 [INFO    ] finance_app.transaction_service (transaction_service.py:207): Transaction updated: id=1 user_id=1
2026-04-02 08:01:25 [INFO    ] finance_app.request_logger (request_logger.py:60): <- PUT /api/transactions/1 | status=200 | user_id=1 | 3.11 ms
2026-04-02 08:01:25 [INFO    ] finance_app.request_logger (request_logger.py:60): <- POST /api/auth/login | status=200 | user_id=anonymous | 264.29 ms
2026-04-02 08:01:25 [INFO    ] finance_app.transaction_service (transaction_service.py:245): Transaction deleted: id=1 user_id=1
2026-04-02 08:01:25 [INFO    ] finance_app.request_logger (request_logger.py:60): <- DELETE /api/transactions/1 | status=200 | user_id=1 | 2.19 ms
2026-04-02 08:01:25 [INFO    ] finance_app.request_logger (request_logger.py:60): <- GET /api/transactions/1 | status=404 | user_id=1 | 0.60 ms
2026-04-02 08:01:26 [INFO    ] finance_app.request_logger (request_logger.py:60): <- POST /api/auth/login | status=200 | user_id=anonymous | 264.32 ms
2026-04-02 08:01:26 [INFO    ] finance_app.request_logger (request_logger.py:60): <- DELETE /api/transactions/1 | status=403 | user_id=2 | 1.19 ms
2026-04-02 08:01:35 [INFO    ] finance_app.request_logger (request_logger.py:60): <- POST /api/auth/login | status=200 | user_id=anonymous | 267.45 ms
2026-04-02 08:01:35 [INFO    ] finance_app.request_logger (request_logger.py:60): <- GET /api/analytics/dashboard | status=200 | user_id=1 | 10.18 ms
2026-04-02 08:01:35 [INFO    ] finance_app.request_logger (request_logger.py:60): <- POST /api/auth/login | status=200 | user_id=anonymous | 265.30 ms
2026-04-02 08:01:35 [INFO    ] finance_app.request_logger (request_logger.py:60): <- GET /api/analytics/dashboard | status=200 | user_id=1 | 2.64 ms
2026-04-02 08:01:35 [INFO    ] finance_app.request_logger (request_logger.py:60): <- GET /api/analytics/dashboard | status=401 | user_id=anonymous | 0.46 ms
2026-04-02 08:01:36 [INFO    ] finance_app.request_logger (request_logger.py:60): <- POST /api/auth/login | status=200 | user_id=anonymous | 265.12 ms
2026-04-02 08:01:36 [INFO    ] finance_app.request_logger (request_logger.py:60): <- GET /api/analytics/categories | status=200 | user_id=1 | 3.75 ms
2026-04-02 08:01:37 [INFO    ] finance_app.request_logger (request_logger.py:60): <- POST /api/auth/login | status=200 | user_id=anonymous | 265.15 ms
2026-04-02 08:01:37 [INFO    ] finance_app.request_logger (request_logger.py:60): <- GET /api/analytics/categories | status=200 | user_id=1 | 1.42 ms
2026-04-02 08:01:37 [INFO    ] finance_app.request_logger (request_logger.py:60): <- POST /api/auth/login | status=200 | user_id=anonymous | 265.15 ms
2026-04-02 08:01:37 [INFO    ] finance_app.request_logger (request_logger.py:60): <- GET /api/analytics/monthly/2026/4 | status=200 | user_id=1 | 3.63 ms
2026-04-02 08:01:38 [INFO    ] finance_app.request_logger (request_logger.py:60): <- POST /api/auth/login | status=200 | user_id=anonymous | 265.22 ms
2026-04-02 08:01:38 [INFO    ] finance_app.request_logger (request_logger.py:60): <- GET /api/analytics/monthly/2024/13 | status=400 | user_id=1 | 1.22 ms
2026-04-02 08:01:39 [INFO    ] finance_app.request_logger (request_logger.py:60): <- POST /api/auth/login | status=200 | user_id=anonymous | 265.14 ms
2026-04-02 08:01:39 [INFO    ] finance_app.request_logger (request_logger.py:60): <- GET /api/analytics/trends | status=200 | user_id=1 | 3.77 ms
2026-04-02 08:01:39 [INFO    ] finance_app.request_logger (request_logger.py:60): <- POST /api/auth/login | status=200 | user_id=anonymous | 265.36 ms
2026-04-02 08:01:39 [WARNING ] finance_app.role_middleware (role_middleware.py:74): User user_id=1 role=viewer attempted access to 'trends' (requires one of: ('analyst', 'admin'))
2026-04-02 08:01:39 [INFO    ] finance_app.request_logger (request_logger.py:60): <- GET /api/analytics/trends | status=403 | user_id=1 | 1.43 ms
2026-04-02 08:01:40 [INFO    ] finance_app.request_logger (request_logger.py:60): <- POST /api/auth/login | status=200 | user_id=anonymous | 265.17 ms
2026-04-02 08:01:40 [INFO    ] finance_app.request_logger (request_logger.py:60): <- GET /api/analytics/dashboard | status=200 | user_id=1 | 2.49 ms
2026-04-02 08:01:40 [INFO    ] finance_app.request_logger (request_logger.py:60): <- GET /api/analytics/dashboard | status=200 | user_id=1 | 1.58 ms
2026-04-02 08:01:40 [INFO    ] finance_app.user_service (user_service.py:135): User created: id=1 username=newuser
2026-04-02 08:01:40 [INFO    ] finance_app.request_logger (request_logger.py:60): <- POST /api/auth/register | status=201 | user_id=anonymous | 272.81 ms
2026-04-02 08:01:40 [INFO    ] finance_app.request_logger (request_logger.py:60): <- POST /api/auth/register | status=409 | user_id=anonymous | 1.53 ms
2026-04-02 08:01:40 [INFO    ] finance_app.request_logger (request_logger.py:60): <- POST /api/auth/register | status=400 | user_id=anonymous | 0.62 ms
2026-04-02 08:01:40 [INFO    ] finance_app.request_logger (request_logger.py:60): <- POST /api/auth/register | status=400 | user_id=anonymous | 0.57 ms
2026-04-02 08:01:41 [INFO    ] finance_app.request_logger (request_logger.py:60): <- POST /api/auth/login | status=200 | user_id=anonymous | 265.26 ms
2026-04-02 08:01:41 [INFO    ] finance_app.request_logger (request_logger.py:60): <- POST /api/auth/login | status=401 | user_id=anonymous | 265.28 ms
2026-04-02 08:01:42 [INFO    ] finance_app.request_logger (request_logger.py:60): <- POST /api/auth/login | status=401 | user_id=anonymous | 1.41 ms
2026-04-02 08:01:42 [INFO    ] finance_app.request_logger (request_logger.py:60): <- POST /api/auth/login | status=401 | user_id=anonymous | 1.15 ms
2026-04-02 08:01:42 [INFO    ] finance_app.request_logger (request_logger.py:60): <- POST /api/auth/login | status=200 | user_id=anonymous | 265.27 ms
2026-04-02 08:01:42 [INFO    ] finance_app.request_logger (request_logger.py:60): <- POST /api/auth/logout | status=200 | user_id=anonymous | 0.22 ms
2026-04-02 08:01:43 [INFO    ] finance_app.request_logger (request_logger.py:60): <- POST /api/auth/login | status=200 | user_id=anonymous | 265.22 ms
2026-04-02 08:01:43 [INFO    ] finance_app.request_logger (request_logger.py:60): <- GET /api/auth/me | status=200 | user_id=1 | 1.60 ms
2026-04-02 08:01:43 [INFO    ] finance_app.request_logger (request_logger.py:60): <- GET /api/auth/me | status=401 | user_id=anonymous | 0.30 ms
2026-04-02 08:01:43 [INFO    ] finance_app.request_logger (request_logger.py:60): <- POST /api/auth/login | status=200 | user_id=anonymous | 265.27 ms
2026-04-02 08:01:43 [INFO    ] finance_app.user_service (user_service.py:243): User updated: id=1 by actor_id=1
2026-04-02 08:01:43 [INFO    ] finance_app.request_logger (request_logger.py:60): <- PUT /api/auth/me | status=200 | user_id=1 | 5.81 ms
2026-04-02 08:01:44 [INFO    ] finance_app.request_logger (request_logger.py:60): <- POST /api/auth/login | status=200 | user_id=anonymous | 265.19 ms
2026-04-02 08:01:44 [INFO    ] finance_app.transaction_service (transaction_service.py:120): Transaction created: id=1 user_id=1
2026-04-02 08:01:44 [INFO    ] finance_app.request_logger (request_logger.py:60): <- POST /api/transactions/ | status=201 | user_id=1 | 9.92 ms
2026-04-02 08:01:44 [INFO    ] finance_app.request_logger (request_logger.py:60): <- GET /api/transactions/1 | status=200 | user_id=1 | 2.30 ms
2026-04-02 08:01:44 [INFO    ] finance_app.transaction_service (transaction_service.py:207): Transaction updated: id=1 user_id=1
2026-04-02 08:01:44 [INFO    ] finance_app.request_logger (request_logger.py:60): <- PUT /api/transactions/1 | status=200 | user_id=1 | 4.62 ms
2026-04-02 08:01:44 [INFO    ] finance_app.transaction_service (transaction_service.py:245): Transaction deleted: id=1 user_id=1
2026-04-02 08:01:44 [INFO    ] finance_app.request_logger (request_logger.py:60): <- DELETE /api/transactions/1 | status=200 | user_id=1 | 3.44 ms
2026-04-02 08:01:44 [INFO    ] finance_app.request_logger (request_logger.py:60): <- GET /api/transactions/1 | status=404 | user_id=1 | 1.03 ms
2026-04-02 08:01:44 [INFO    ] finance_app.request_logger (request_logger.py:60): <- POST /api/auth/login | status=200 | user_id=anonymous | 265.48 ms
2026-04-02 08:01:44 [INFO    ] finance_app.request_logger (request_logger.py:60): <- GET /api/analytics/dashboard | status=200 | user_id=1 | 3.85 ms
2026-04-02 08:01:44 [INFO    ] finance_app.transaction_service (transaction_service.py:120): Transaction created: id=1 user_id=1
2026-04-02 08:01:44 [INFO    ] finance_app.request_logger (request_logger.py:60): <- POST /api/transactions/ | status=201 | user_id=1 | 4.39 ms
2026-04-02 08:01:44 [INFO    ] finance_app.request_logger (request_logger.py:60): <- GET /api/analytics/dashboard | status=200 | user_id=1 | 2.86 ms
2026-04-02 08:01:45 [INFO    ] finance_app.request_logger (request_logger.py:60): <- POST /api/auth/login | status=200 | user_id=anonymous | 265.13 ms
2026-04-02 08:01:45 [WARNING ] finance_app.role_middleware (role_middleware.py:74): User user_id=1 role=viewer attempted access to 'bulk_create' (requires one of: ('analyst', 'admin'))
2026-04-02 08:01:45 [INFO    ] finance_app.request_logger (request_logger.py:60): <- POST /api/transactions/bulk | status=403 | user_id=1 | 1.39 ms
2026-04-02 08:01:45 [INFO    ] finance_app.request_logger (request_logger.py:60): <- POST /api/auth/login | status=200 | user_id=anonymous | 265.13 ms
2026-04-02 08:01:45 [WARNING ] finance_app.role_middleware (role_middleware.py:74): User user_id=1 role=viewer attempted access to 'trends' (requires one of: ('analyst', 'admin'))
2026-04-02 08:01:45 [INFO    ] finance_app.request_logger (request_logger.py:60): <- GET /api/analytics/trends | status=403 | user_id=1 | 1.34 ms
2026-04-02 08:01:46 [INFO    ] finance_app.request_logger (request_logger.py:60): <- POST /api/auth/login | status=200 | user_id=anonymous | 265.05 ms
2026-04-02 08:01:46 [INFO    ] finance_app.request_logger (request_logger.py:60): <- GET /api/analytics/trends | status=200 | user_id=1 | 2.27 ms
2026-04-02 08:01:47 [INFO    ] finance_app.request_logger (request_logger.py:60): <- POST /api/auth/login | status=200 | user_id=anonymous | 265.21 ms
2026-04-02 08:01:47 [WARNING ] finance_app.role_middleware (role_middleware.py:74): User user_id=1 role=viewer attempted access to 'list_users' (requires one of: ('admin',))
2026-04-02 08:01:47 [INFO    ] finance_app.request_logger (request_logger.py:60): <- GET /api/users/ | status=403 | user_id=1 | 1.40 ms
2026-04-02 08:01:47 [INFO    ] finance_app.request_logger (request_logger.py:60): <- POST /api/auth/login | status=200 | user_id=anonymous | 265.26 ms
2026-04-02 08:01:47 [INFO    ] finance_app.request_logger (request_logger.py:60): <- GET /api/users/ | status=200 | user_id=1 | 8.30 ms
2026-04-02 08:01:48 [INFO    ] finance_app.request_logger (request_logger.py:60): <- POST /api/auth/login | status=200 | user_id=anonymous | 265.21 ms
2026-04-02 08:01:48 [INFO    ] finance_app.export_service (export_service.py:89): CSV export generated: user_id=1 rows=10
2026-04-02 08:01:48 [INFO    ] finance_app.request_logger (request_logger.py:60): <- GET /api/transactions/export/csv | status=200 | user_id=1 | 10.51 ms
2026-04-02 08:01:48 [INFO    ] finance_app.request_logger (request_logger.py:60): <- POST /api/auth/login | status=200 | user_id=anonymous | 265.15 ms
2026-04-02 08:01:48 [INFO    ] finance_app.request_logger (request_logger.py:60): <- GET /api/transactions/ | status=200 | user_id=1 | 3.39 ms
2026-04-02 08:01:49 [INFO    ] finance_app.request_logger (request_logger.py:60): <- POST /api/auth/login | status=200 | user_id=anonymous | 265.19 ms
2026-04-02 08:01:49 [INFO    ] finance_app.request_logger (request_logger.py:60): <- GET /api/transactions/ | status=200 | user_id=2 | 2.98 ms
2026-04-02 08:01:49 [INFO    ] finance_app.request_logger (request_logger.py:60): <- GET /api/transactions/1 | status=403 | user_id=2 | 1.12 ms
2026-04-02 08:01:50 [INFO    ] finance_app.request_logger (request_logger.py:60): <- POST /api/auth/login | status=200 | user_id=anonymous | 265.12 ms
2026-04-02 08:01:50 [INFO    ] finance_app.transaction_service (transaction_service.py:120): Transaction created: id=1 user_id=1
2026-04-02 08:01:50 [INFO    ] finance_app.request_logger (request_logger.py:60): <- POST /api/transactions/ | status=201 | user_id=1 | 4.83 ms
2026-04-02 08:01:50 [INFO    ] finance_app.request_logger (request_logger.py:60): <- POST /api/auth/login | status=200 | user_id=anonymous | 265.31 ms
2026-04-02 08:01:50 [INFO    ] finance_app.request_logger (request_logger.py:60): <- POST /api/transactions/ | status=400 | user_id=1 | 1.91 ms
2026-04-02 08:01:51 [INFO    ] finance_app.request_logger (request_logger.py:60): <- POST /api/auth/login | status=200 | user_id=anonymous | 265.23 ms
2026-04-02 08:01:51 [INFO    ] finance_app.request_logger (request_logger.py:60): <- POST /api/transactions/ | status=400 | user_id=1 | 1.84 ms
2026-04-02 08:01:51 [INFO    ] finance_app.request_logger (request_logger.py:60): <- POST /api/transactions/ | status=401 | user_id=anonymous | 0.30 ms
2026-04-02 08:01:51 [INFO    ] finance_app.request_logger (request_logger.py:60): <- POST /api/auth/login | status=200 | user_id=anonymous | 265.31 ms
2026-04-02 08:01:51 [INFO    ] finance_app.request_logger (request_logger.py:60): <- GET /api/transactions/ | status=200 | user_id=1 | 3.64 ms
2026-04-02 08:01:52 [INFO    ] finance_app.request_logger (request_logger.py:60): <- POST /api/auth/login | status=200 | user_id=anonymous | 265.14 ms
2026-04-02 08:01:52 [INFO    ] finance_app.request_logger (request_logger.py:60): <- GET /api/transactions/ | status=200 | user_id=1 | 10.68 ms
2026-04-02 08:01:52 [INFO    ] finance_app.request_logger (request_logger.py:60): <- POST /api/auth/login | status=200 | user_id=anonymous | 265.13 ms
2026-04-02 08:01:52 [INFO    ] finance_app.request_logger (request_logger.py:60): <- GET /api/transactions/ | status=200 | user_id=1 | 11.02 ms
2026-04-02 08:01:53 [INFO    ] finance_app.request_logger (request_logger.py:60): <- POST /api/auth/login | status=200 | user_id=anonymous | 265.16 ms
2026-04-02 08:01:53 [INFO    ] finance_app.request_logger (request_logger.py:60): <- GET /api/transactions/ | status=200 | user_id=1 | 11.42 ms
2026-04-02 08:01:54 [INFO    ] finance_app.request_logger (request_logger.py:60): <- POST /api/auth/login | status=200 | user_id=anonymous | 265.23 ms
2026-04-02 08:01:54 [INFO    ] finance_app.request_logger (request_logger.py:60): <- GET /api/transactions/1 | status=200 | user_id=1 | 2.23 ms
2026-04-02 08:01:54 [INFO    ] finance_app.request_logger (request_logger.py:60): <- POST /api/auth/login | status=200 | user_id=anonymous | 265.18 ms
2026-04-02 08:01:54 [INFO    ] finance_app.request_logger (request_logger.py:60): <- GET /api/transactions/99999 | status=404 | user_id=1 | 2.03 ms
2026-04-02 08:01:55 [INFO    ] finance_app.request_logger (request_logger.py:60): <- POST /api/auth/login | status=200 | user_id=anonymous | 265.32 ms
2026-04-02 08:01:55 [INFO    ] finance_app.request_logger (request_logger.py:60): <- GET /api/transactions/1 | status=403 | user_id=2 | 2.00 ms
2026-04-02 08:01:55 [INFO    ] finance_app.request_logger (request_logger.py:60): <- POST /api/auth/login | status=200 | user_id=anonymous | 265.12 ms
2026-04-02 08:01:55 [INFO    ] finance_app.transaction_service (transaction_service.py:207): Transaction updated: id=1 user_id=1
2026-04-02 08:01:55 [INFO    ] finance_app.request_logger (request_logger.py:60): <- PUT /api/transactions/1 | status=200 | user_id=1 | 6.06 ms
2026-04-02 08:01:56 [INFO    ] finance_app.request_logger (request_logger.py:60): <- POST /api/auth/login | status=200 | user_id=anonymous | 265.11 ms
2026-04-02 08:01:56 [INFO    ] finance_app.transaction_service (transaction_service.py:245): Transaction deleted: id=1 user_id=1
2026-04-02 08:01:56 [INFO    ] finance_app.request_logger (request_logger.py:60): <- DELETE /api/transactions/1 | status=200 | user_id=1 | 4.15 ms
2026-04-02 08:01:56 [INFO    ] finance_app.request_logger (request_logger.py:60): <- GET /api/transactions/1 | status=404 | user_id=1 | 1.07 ms
2026-04-02 08:01:57 [INFO    ] finance_app.request_logger (request_logger.py:60): <- POST /api/auth/login | status=200 | user_id=anonymous | 265.57 ms
2026-04-02 08:01:57 [INFO    ] finance_app.request_logger (request_logger.py:60): <- DELETE /api/transactions/1 | status=403 | user_id=2 | 2.13 ms
2026-04-02 08:03:36 [INFO    ] finance_app.request_logger (request_logger.py:60): <- POST /api/auth/login | status=200 | user_id=anonymous | 265.12 ms
2026-04-02 08:03:36 [INFO    ] finance_app.request_logger (request_logger.py:60): <- GET /api/analytics/dashboard | status=200 | user_id=1 | 5.41 ms
2026-04-02 08:03:37 [INFO    ] finance_app.request_logger (request_logger.py:60): <- POST /api/auth/login | status=200 | user_id=anonymous | 264.23 ms
2026-04-02 08:03:37 [INFO    ] finance_app.request_logger (request_logger.py:60): <- GET /api/analytics/dashboard | status=200 | user_id=1 | 1.25 ms
2026-04-02 08:03:37 [INFO    ] finance_app.request_logger (request_logger.py:60): <- GET /api/analytics/dashboard | status=401 | user_id=anonymous | 0.18 ms
2026-04-02 08:03:37 [INFO    ] finance_app.request_logger (request_logger.py:60): <- POST /api/auth/login | status=200 | user_id=anonymous | 264.20 ms
2026-04-02 08:03:37 [INFO    ] finance_app.request_logger (request_logger.py:60): <- GET /api/analytics/categories | status=200 | user_id=1 | 2.44 ms
2026-04-02 08:03:38 [INFO    ] finance_app.request_logger (request_logger.py:60): <- POST /api/auth/login | status=200 | user_id=anonymous | 264.14 ms
2026-04-02 08:03:38 [INFO    ] finance_app.request_logger (request_logger.py:60): <- GET /api/analytics/categories | status=200 | user_id=1 | 0.85 ms
2026-04-02 08:03:38 [INFO    ] finance_app.request_logger (request_logger.py:60): <- POST /api/auth/login | status=200 | user_id=anonymous | 264.19 ms
2026-04-02 08:03:38 [INFO    ] finance_app.request_logger (request_logger.py:60): <- GET /api/analytics/monthly/2026/4 | status=200 | user_id=1 | 2.04 ms
2026-04-02 08:03:39 [INFO    ] finance_app.request_logger (request_logger.py:60): <- POST /api/auth/login | status=200 | user_id=anonymous | 264.15 ms
2026-04-02 08:03:39 [INFO    ] finance_app.request_logger (request_logger.py:60): <- GET /api/analytics/monthly/2024/13 | status=400 | user_id=1 | 0.81 ms
2026-04-02 08:03:40 [INFO    ] finance_app.request_logger (request_logger.py:60): <- POST /api/auth/login | status=200 | user_id=anonymous | 264.13 ms
2026-04-02 08:03:40 [INFO    ] finance_app.request_logger (request_logger.py:60): <- GET /api/analytics/trends | status=200 | user_id=1 | 2.32 ms
2026-04-02 08:03:40 [INFO    ] finance_app.request_logger (request_logger.py:60): <- POST /api/auth/login | status=200 | user_id=anonymous | 264.16 ms
2026-04-02 08:03:40 [WARNING ] finance_app.role_middleware (role_middleware.py:74): User user_id=1 role=viewer attempted access to 'trends' (requires one of: ('analyst', 'admin'))
2026-04-02 08:03:40 [INFO    ] finance_app.request_logger (request_logger.py:60): <- GET /api/analytics/trends | status=403 | user_id=1 | 0.87 ms
2026-04-02 08:03:41 [INFO    ] finance_app.request_logger (request_logger.py:60): <- POST /api/auth/login | status=200 | user_id=anonymous | 264.18 ms
2026-04-02 08:03:41 [INFO    ] finance_app.request_logger (request_logger.py:60): <- GET /api/analytics/dashboard | status=200 | user_id=1 | 0.95 ms
2026-04-02 08:03:41 [INFO    ] finance_app.request_logger (request_logger.py:60): <- GET /api/analytics/dashboard | status=200 | user_id=1 | 0.35 ms
2026-04-02 08:03:41 [INFO    ] finance_app.user_service (user_service.py:135): User created: id=1 username=newuser
2026-04-02 08:03:41 [INFO    ] finance_app.request_logger (request_logger.py:60): <- POST /api/auth/register | status=201 | user_id=anonymous | 295.49 ms
2026-04-02 08:03:41 [INFO    ] finance_app.request_logger (request_logger.py:60): <- POST /api/auth/register | status=409 | user_id=anonymous | 0.95 ms
2026-04-02 08:03:41 [INFO    ] finance_app.request_logger (request_logger.py:60): <- POST /api/auth/register | status=400 | user_id=anonymous | 0.32 ms
2026-04-02 08:03:41 [INFO    ] finance_app.request_logger (request_logger.py:60): <- POST /api/auth/register | status=400 | user_id=anonymous | 0.34 ms
2026-04-02 08:03:42 [INFO    ] finance_app.request_logger (request_logger.py:60): <- POST /api/auth/login | status=200 | user_id=anonymous | 264.10 ms
2026-04-02 08:03:42 [INFO    ] finance_app.request_logger (request_logger.py:60): <- POST /api/auth/login | status=401 | user_id=anonymous | 264.14 ms
2026-04-02 08:03:43 [INFO    ] finance_app.request_logger (request_logger.py:60): <- POST /api/auth/login | status=401 | user_id=anonymous | 0.84 ms
2026-04-02 08:03:43 [INFO    ] finance_app.request_logger (request_logger.py:60): <- POST /api/auth/login | status=401 | user_id=anonymous | 0.91 ms
2026-04-02 08:03:43 [INFO    ] finance_app.request_logger (request_logger.py:60): <- POST /api/auth/login | status=200 | user_id=anonymous | 264.31 ms
2026-04-02 08:03:43 [INFO    ] finance_app.request_logger (request_logger.py:60): <- POST /api/auth/logout | status=200 | user_id=anonymous | 0.13 ms
2026-04-02 08:03:44 [INFO    ] finance_app.request_logger (request_logger.py:60): <- POST /api/auth/login | status=200 | user_id=anonymous | 264.10 ms
2026-04-02 08:03:44 [INFO    ] finance_app.request_logger (request_logger.py:60): <- GET /api/auth/me | status=200 | user_id=1 | 1.00 ms
2026-04-02 08:03:44 [INFO    ] finance_app.request_logger (request_logger.py:60): <- GET /api/auth/me | status=401 | user_id=anonymous | 0.18 ms
2026-04-02 08:03:44 [INFO    ] finance_app.request_logger (request_logger.py:60): <- POST /api/auth/login | status=200 | user_id=anonymous | 264.99 ms
2026-04-02 08:03:44 [INFO    ] finance_app.user_service (user_service.py:243): User updated: id=1 by actor_id=1
2026-04-02 08:03:44 [INFO    ] finance_app.request_logger (request_logger.py:60): <- PUT /api/auth/me | status=200 | user_id=1 | 3.37 ms
2026-04-02 08:03:45 [INFO    ] finance_app.request_logger (request_logger.py:60): <- POST /api/auth/login | status=200 | user_id=anonymous | 264.26 ms
2026-04-02 08:03:45 [INFO    ] finance_app.transaction_service (transaction_service.py:120): Transaction created: id=1 user_id=1
2026-04-02 08:03:45 [INFO    ] finance_app.request_logger (request_logger.py:60): <- POST /api/transactions/ | status=201 | user_id=1 | 4.59 ms
2026-04-02 08:03:45 [INFO    ] finance_app.request_logger (request_logger.py:60): <- GET /api/transactions/1 | status=200 | user_id=1 | 1.12 ms
2026-04-02 08:03:45 [INFO    ] finance_app.transaction_service (transaction_service.py:207): Transaction updated: id=1 user_id=1
2026-04-02 08:03:45 [INFO    ] finance_app.request_logger (request_logger.py:60): <- PUT /api/transactions/1 | status=200 | user_id=1 | 2.41 ms
2026-04-02 08:03:45 [INFO    ] finance_app.transaction_service (transaction_service.py:245): Transaction deleted: id=1 user_id=1
2026-04-02 08:03:45 [INFO    ] finance_app.request_logger (request_logger.py:60): <- DELETE /api/transactions/1 | status=200 | user_id=1 | 1.87 ms
2026-04-02 08:03:45 [INFO    ] finance_app.request_logger (request_logger.py:60): <- GET /api/transactions/1 | status=404 | user_id=1 | 0.57 ms
2026-04-02 08:03:45 [INFO    ] finance_app.request_logger (request_logger.py:60): <- POST /api/auth/login | status=200 | user_id=anonymous | 264.30 ms
2026-04-02 08:03:45 [INFO    ] finance_app.request_logger (request_logger.py:60): <- GET /api/analytics/dashboard | status=200 | user_id=1 | 2.28 ms
2026-04-02 08:03:45 [INFO    ] finance_app.transaction_service (transaction_service.py:120): Transaction created: id=1 user_id=1
2026-04-02 08:03:45 [INFO    ] finance_app.request_logger (request_logger.py:60): <- POST /api/transactions/ | status=201 | user_id=1 | 2.14 ms
2026-04-02 08:03:45 [INFO    ] finance_app.request_logger (request_logger.py:60): <- GET /api/analytics/dashboard | status=200 | user_id=1 | 1.46 ms
2026-04-02 08:03:46 [INFO    ] finance_app.request_logger (request_logger.py:60): <- POST /api/auth/login | status=200 | user_id=anonymous | 264.12 ms
2026-04-02 08:03:46 [WARNING ] finance_app.role_middleware (role_middleware.py:74): User user_id=1 role=viewer attempted access to 'bulk_create' (requires one of: ('analyst', 'admin'))
2026-04-02 08:03:46 [INFO    ] finance_app.request_logger (request_logger.py:60): <- POST /api/transactions/bulk | status=403 | user_id=1 | 1.15 ms
2026-04-02 08:03:46 [INFO    ] finance_app.request_logger (request_logger.py:60): <- POST /api/auth/login | status=200 | user_id=anonymous | 264.29 ms
2026-04-02 08:03:46 [WARNING ] finance_app.role_middleware (role_middleware.py:74): User user_id=1 role=viewer attempted access to 'trends' (requires one of: ('analyst', 'admin'))
2026-04-02 08:03:46 [INFO    ] finance_app.request_logger (request_logger.py:60): <- GET /api/analytics/trends | status=403 | user_id=1 | 0.84 ms
2026-04-02 08:03:47 [INFO    ] finance_app.request_logger (request_logger.py:60): <- POST /api/auth/login | status=200 | user_id=anonymous | 264.12 ms
2026-04-02 08:03:47 [INFO    ] finance_app.request_logger (request_logger.py:60): <- GET /api/analytics/trends | status=200 | user_id=1 | 1.53 ms
2026-04-02 08:03:47 [INFO    ] finance_app.request_logger (request_logger.py:60): <- POST /api/auth/login | status=200 | user_id=anonymous | 264.25 ms
2026-04-02 08:03:47 [WARNING ] finance_app.role_middleware (role_middleware.py:74): User user_id=1 role=viewer attempted access to 'list_users' (requires one of: ('admin',))
2026-04-02 08:03:47 [INFO    ] finance_app.request_logger (request_logger.py:60): <- GET /api/users/ | status=403 | user_id=1 | 0.86 ms
2026-04-02 08:03:48 [INFO    ] finance_app.request_logger (request_logger.py:60): <- POST /api/auth/login | status=200 | user_id=anonymous | 264.06 ms
2026-04-02 08:03:48 [INFO    ] finance_app.request_logger (request_logger.py:60): <- GET /api/users/ | status=200 | user_id=1 | 4.51 ms
2026-04-02 08:03:49 [INFO    ] finance_app.request_logger (request_logger.py:60): <- POST /api/auth/login | status=200 | user_id=anonymous | 264.13 ms
2026-04-02 08:03:49 [INFO    ] finance_app.export_service (export_service.py:89): CSV export generated: user_id=1 rows=10
2026-04-02 08:03:49 [INFO    ] finance_app.request_logger (request_logger.py:60): <- GET /api/transactions/export/csv | status=200 | user_id=1 | 6.13 ms
2026-04-02 08:03:49 [INFO    ] finance_app.request_logger (request_logger.py:60): <- POST /api/auth/login | status=200 | user_id=anonymous | 264.12 ms
2026-04-02 08:03:49 [INFO    ] finance_app.request_logger (request_logger.py:60): <- GET /api/transactions/ | status=200 | user_id=1 | 1.89 ms
2026-04-02 08:03:50 [INFO    ] finance_app.request_logger (request_logger.py:60): <- POST /api/auth/login | status=200 | user_id=anonymous | 264.13 ms
2026-04-02 08:03:50 [INFO    ] finance_app.request_logger (request_logger.py:60): <- GET /api/transactions/ | status=200 | user_id=2 | 1.73 ms
2026-04-02 08:03:50 [INFO    ] finance_app.request_logger (request_logger.py:60): <- GET /api/transactions/1 | status=403 | user_id=2 | 0.63 ms
2026-04-02 08:03:50 [INFO    ] finance_app.request_logger (request_logger.py:60): <- POST /api/auth/login | status=200 | user_id=anonymous | 264.36 ms
2026-04-02 08:03:50 [INFO    ] finance_app.transaction_service (transaction_service.py:120): Transaction created: id=1 user_id=1
2026-04-02 08:03:50 [INFO    ] finance_app.request_logger (request_logger.py:60): <- POST /api/transactions/ | status=201 | user_id=1 | 2.95 ms
2026-04-02 08:03:51 [INFO    ] finance_app.request_logger (request_logger.py:60): <- POST /api/auth/login | status=200 | user_id=anonymous | 264.08 ms
2026-04-02 08:03:51 [INFO    ] finance_app.request_logger (request_logger.py:60): <- POST /api/transactions/ | status=400 | user_id=1 | 1.08 ms
2026-04-02 08:03:52 [INFO    ] finance_app.request_logger (request_logger.py:60): <- POST /api/auth/login | status=200 | user_id=anonymous | 264.11 ms
2026-04-02 08:03:52 [INFO    ] finance_app.request_logger (request_logger.py:60): <- POST /api/transactions/ | status=400 | user_id=1 | 1.10 ms
2026-04-02 08:03:52 [INFO    ] finance_app.request_logger (request_logger.py:60): <- POST /api/transactions/ | status=401 | user_id=anonymous | 0.17 ms
2026-04-02 08:03:52 [INFO    ] finance_app.request_logger (request_logger.py:60): <- POST /api/auth/login | status=200 | user_id=anonymous | 264.05 ms
2026-04-02 08:03:52 [INFO    ] finance_app.request_logger (request_logger.py:60): <- GET /api/transactions/ | status=200 | user_id=1 | 1.90 ms
2026-04-02 08:03:53 [INFO    ] finance_app.request_logger (request_logger.py:60): <- POST /api/auth/login | status=200 | user_id=anonymous | 264.15 ms
2026-04-02 08:03:53 [INFO    ] finance_app.request_logger (request_logger.py:60): <- GET /api/transactions/ | status=200 | user_id=1 | 5.09 ms
2026-04-02 08:03:53 [INFO    ] finance_app.request_logger (request_logger.py:60): <- POST /api/auth/login | status=200 | user_id=anonymous | 264.14 ms
2026-04-02 08:03:53 [INFO    ] finance_app.request_logger (request_logger.py:60): <- GET /api/transactions/ | status=200 | user_id=1 | 6.31 ms
2026-04-02 08:03:54 [INFO    ] finance_app.request_logger (request_logger.py:60): <- POST /api/auth/login | status=200 | user_id=anonymous | 264.16 ms
2026-04-02 08:03:54 [INFO    ] finance_app.request_logger (request_logger.py:60): <- GET /api/transactions/ | status=200 | user_id=1 | 5.33 ms
2026-04-02 08:03:54 [INFO    ] finance_app.request_logger (request_logger.py:60): <- POST /api/auth/login | status=200 | user_id=anonymous | 264.13 ms
2026-04-02 08:03:54 [INFO    ] finance_app.request_logger (request_logger.py:60): <- GET /api/transactions/1 | status=200 | user_id=1 | 1.18 ms
2026-04-02 08:03:55 [INFO    ] finance_app.request_logger (request_logger.py:60): <- POST /api/auth/login | status=200 | user_id=anonymous | 264.76 ms
2026-04-02 08:03:55 [INFO    ] finance_app.request_logger (request_logger.py:60): <- GET /api/transactions/99999 | status=404 | user_id=1 | 1.18 ms
2026-04-02 08:03:56 [INFO    ] finance_app.request_logger (request_logger.py:60): <- POST /api/auth/login | status=200 | user_id=anonymous | 264.76 ms
2026-04-02 08:03:56 [INFO    ] finance_app.request_logger (request_logger.py:60): <- GET /api/transactions/1 | status=403 | user_id=2 | 1.15 ms
2026-04-02 08:03:56 [INFO    ] finance_app.request_logger (request_logger.py:60): <- POST /api/auth/login | status=200 | user_id=anonymous | 264.24 ms
2026-04-02 08:03:56 [INFO    ] finance_app.transaction_service (transaction_service.py:207): Transaction updated: id=1 user_id=1
2026-04-02 08:03:56 [INFO    ] finance_app.request_logger (request_logger.py:60): <- PUT /api/transactions/1 | status=200 | user_id=1 | 3.21 ms
2026-04-02 08:03:57 [INFO    ] finance_app.request_logger (request_logger.py:60): <- POST /api/auth/login | status=200 | user_id=anonymous | 264.13 ms
2026-04-02 08:03:57 [INFO    ] finance_app.transaction_service (transaction_service.py:245): Transaction deleted: id=1 user_id=1
2026-04-02 08:03:57 [INFO    ] finance_app.request_logger (request_logger.py:60): <- DELETE /api/transactions/1 | status=200 | user_id=1 | 2.18 ms
2026-04-02 08:03:57 [INFO    ] finance_app.request_logger (request_logger.py:60): <- GET /api/transactions/1 | status=404 | user_id=1 | 0.56 ms
2026-04-02 08:03:57 [INFO    ] finance_app.request_logger (request_logger.py:60): <- POST /api/auth/login | status=200 | user_id=anonymous | 264.22 ms
2026-04-02 08:03:57 [INFO    ] finance_app.request_logger (request_logger.py:60): <- DELETE /api/transactions/1 | status=403 | user_id=2 | 1.17 ms
